<?xml version="1.0" encoding="UTF-8"?>
<testsuites name="Basic" time="416" tests="11" failures="3" errors="0">
   <testsuite name="Basic" tests="11" failures="3" errors="0" time="416" timestamp="2560-11-09 16:58:37" hostname="PIEW - PIEW-PC" id="Test Suites/Basic">
      <properties>
         <property name="deviceName" value=""/>
         <property name="devicePlatform" value=""/>
         <property name="logFolder" value="D:\\Github\\Guru-TMDA\\Reports\\Basic\\25601109_165835"/>
         <property name="logFiles" value="D:\\Github\\Guru-TMDA\\Reports\\Basic\\25601109_165835\\execution0.log"/>
         <property name="attachments" value="D:\\Github\\Guru-TMDA\\Reports\\Basic\\25601109_165835\\1510221850277.png"/>
         <property name="hostName" value="PIEW - PIEW-PC"/>
         <property name="os" value="Windows 7 64bit"/>
         <property name="katalonVersion" value="5.0.1.1"/>
         <property name="browser" value="Chrome 62.0.3202.89"/>
         <property name="hostAddress" value="192.168.11.220"/>
         <property name="sessionId" value="6e4dc7541ace99a2219d220b134cbf1a"/>
         <property name="seleniumVersion" value="2.53.0"/>
         <property name="proxyInformation" value="ProxyInformation{proxyOption=NO_PROXY, proxyServerType=HTTP, password=, proxyServerAddress=, proxyServerPort=0}"/>
         <property name="platform" value="Windows 7"/>
      </properties>
      <testcase name="Test Cases/1. Start Page (without login)/Single Verbatim without login" classname="Test Cases/1. Start Page (without login)/Single Verbatim without login" status="PASSED">
         <system-out><![CDATA[2560-11-09 16:58:37 - [TEST_CASE][PASSED] - Test Cases/1. Start Page (without login)/Single Verbatim without login: Test Cases/1. Start Page (without login)/Single Verbatim without login

2560-11-09 16:58:38 - [TEST_STEP][PASSED] - openBrowser: Browser is opened with url: ''

2560-11-09 16:58:40 - [MESSAGE][PASSED] - Browser is opened with url: ''

2560-11-09 16:58:40 - [TEST_STEP][PASSED] - maximizeWindow: Current window maximized

2560-11-09 16:58:40 - [MESSAGE][PASSED] - Current window maximized

2560-11-09 16:58:40 - [TEST_STEP][PASSED] - navigateToUrl: Navigate to 'http://192.168.11.59/' successfully

2560-11-09 16:58:45 - [MESSAGE][PASSED] - Navigate to 'http://192.168.11.59/' successfully

2560-11-09 16:58:45 - [TEST_STEP][PASSED] - click: Object: 'Object Repository/Single verbatim without login//i_fa fa-location-arrow w3-text (1)' is clicked on

2560-11-09 16:58:45 - [MESSAGE][PASSED] - Object: 'Object Repository/Single verbatim without login//i_fa fa-location-arrow w3-text (1)' is clicked on

2560-11-09 16:58:45 - [TEST_STEP][PASSED] - verifyElementPresent: Object 'Object Repository/single verbatim with login/span_Verbatim is not null' is present

2560-11-09 16:58:45 - [MESSAGE][PASSED] - Object 'Object Repository/single verbatim with login/span_Verbatim is not null' is present

2560-11-09 16:58:45 - [TEST_STEP][PASSED] - setText: Text 'บริการดีแต่รอคิวนาน' is set on object 'Object Repository/Single verbatim without login/input_input-text w3-large inpu'

2560-11-09 16:58:45 - [MESSAGE][PASSED] - Text 'บริการดีแต่รอคิวนาน' is set on object 'Object Repository/Single verbatim without login/input_input-text w3-large inpu'

2560-11-09 16:58:45 - [TEST_STEP][PASSED] - click: Object: 'Object Repository/Single verbatim without login//i_fa fa-location-arrow w3-text (1)' is clicked on

2560-11-09 16:58:45 - [MESSAGE][PASSED] - Object: 'Object Repository/Single verbatim without login//i_fa fa-location-arrow w3-text (1)' is clicked on

2560-11-09 16:58:45 - [TEST_STEP][PASSED] - verifyElementPresent: Object 'Object Repository/Single verbatim without login//div_predict-result' is present

2560-11-09 16:59:04 - [MESSAGE][PASSED] - Object 'Object Repository/Single verbatim without login//div_predict-result' is present

2560-11-09 16:59:04 - [TEST_STEP][PASSED] - verifyElementPresent: Object 'Object Repository/Single verbatim without login//div_row' is present

2560-11-09 16:59:04 - [MESSAGE][PASSED] - Object 'Object Repository/Single verbatim without login//div_row' is present

2560-11-09 16:59:04 - [TEST_STEP][PASSED] - setText: Text 'โคยยยยย' is set on object 'Object Repository/Single verbatim without login/input_input-text w3-large inpu'

2560-11-09 16:59:04 - [MESSAGE][PASSED] - Text 'โคยยยยย' is set on object 'Object Repository/Single verbatim without login/input_input-text w3-large inpu'

2560-11-09 16:59:04 - [TEST_STEP][PASSED] - click: Object: 'Object Repository/Single verbatim without login//i_fa fa-location-arrow w3-text (1)' is clicked on

2560-11-09 16:59:04 - [MESSAGE][PASSED] - Object: 'Object Repository/Single verbatim without login//i_fa fa-location-arrow w3-text (1)' is clicked on

2560-11-09 16:59:04 - [TEST_STEP][PASSED] - verifyElementPresent: Object 'Object Repository/Single verbatim without login//div_predict-result (1)' is present

2560-11-09 16:59:23 - [MESSAGE][PASSED] - Object 'Object Repository/Single verbatim without login//div_predict-result (1)' is present

2560-11-09 16:59:23 - [TEST_STEP][PASSED] - verifyElementPresent: Object 'Object Repository/single verbatim with login/img' is present

2560-11-09 16:59:23 - [MESSAGE][PASSED] - Object 'Object Repository/single verbatim with login/img' is present

2560-11-09 16:59:23 - [TEST_STEP][NOT_RUN] - closeBrowser: NOT_RUN: closeBrowser

2560-11-09 16:59:23 - [MESSAGE][NOT_RUN] - NOT_RUN: closeBrowser]]></system-out>
         <system-err><![CDATA[]]></system-err>
      </testcase>
      <testcase name="Test Cases/2. Login/Sign Up" classname="Test Cases/2. Login/Sign Up" status="PASSED">
         <system-out><![CDATA[2560-11-09 16:59:23 - [TEST_CASE][PASSED] - Test Cases/2. Login/Sign Up: Test Cases/2. Login/Sign Up

2560-11-09 16:59:23 - [TEST_STEP][NOT_RUN] - openBrowser: NOT_RUN: openBrowser

2560-11-09 16:59:23 - [MESSAGE][NOT_RUN] - NOT_RUN: openBrowser

2560-11-09 16:59:23 - [TEST_STEP][NOT_RUN] - maximizeWindow: NOT_RUN: maximizeWindow

2560-11-09 16:59:23 - [MESSAGE][NOT_RUN] - NOT_RUN: maximizeWindow

2560-11-09 16:59:23 - [TEST_STEP][NOT_RUN] - navigateToUrl: NOT_RUN: navigateToUrl

2560-11-09 16:59:23 - [MESSAGE][NOT_RUN] - NOT_RUN: navigateToUrl

2560-11-09 16:59:23 - [TEST_STEP][PASSED] - click: Object: 'Object Repository/signup/start/span_Login' is clicked on

2560-11-09 16:59:24 - [MESSAGE][PASSED] - Object: 'Object Repository/signup/start/span_Login' is clicked on

2560-11-09 16:59:24 - [TEST_STEP][PASSED] - scrollToElement: Scroll to object 'Object Repository/signup/login/a_Sign Up' successfully

2560-11-09 16:59:24 - [MESSAGE][PASSED] - Scroll to object 'Object Repository/signup/login/a_Sign Up' successfully

2560-11-09 16:59:24 - [TEST_STEP][PASSED] - click: Object: 'Object Repository/signup/login/a_Sign Up' is clicked on

2560-11-09 16:59:24 - [MESSAGE][PASSED] - Object: 'Object Repository/signup/login/a_Sign Up' is clicked on

2560-11-09 16:59:24 - [TEST_STEP][PASSED] - Statement - date = new java.util.Date(): null

2560-11-09 16:59:24 - [TEST_STEP][PASSED] - Statement - df = new java.text.SimpleDateFormat(): null

2560-11-09 16:59:24 - [TEST_STEP][PASSED] - Statement - df.applyPattern("ddmmyyyyHHmmss"): null

2560-11-09 16:59:24 - [TEST_STEP][PASSED] - setText: Text 'Creme' is set on object 'Object Repository/signup/signup/input_username'

2560-11-09 16:59:25 - [MESSAGE][PASSED] - Text 'Creme' is set on object 'Object Repository/signup/signup/input_username'

2560-11-09 16:59:25 - [TEST_STEP][PASSED] - setText: Text '1234' is set on object 'Object Repository/signup/signup/input_password'

2560-11-09 16:59:25 - [MESSAGE][PASSED] - Text '1234' is set on object 'Object Repository/signup/signup/input_password'

2560-11-09 16:59:25 - [TEST_STEP][PASSED] - setText: Text '1234' is set on object 'Object Repository/signup/signup/input_cfpassword'

2560-11-09 16:59:25 - [MESSAGE][PASSED] - Text '1234' is set on object 'Object Repository/signup/signup/input_cfpassword'

2560-11-09 16:59:25 - [TEST_STEP][PASSED] - setText: Text 'Piratchana' is set on object 'Object Repository/signup/signup/input_first_name'

2560-11-09 16:59:26 - [MESSAGE][PASSED] - Text 'Piratchana' is set on object 'Object Repository/signup/signup/input_first_name'

2560-11-09 16:59:26 - [TEST_STEP][PASSED] - setText: Text 'Maksub' is set on object 'Object Repository/signup/signup/input_last_name'

2560-11-09 16:59:26 - [MESSAGE][PASSED] - Text 'Maksub' is set on object 'Object Repository/signup/signup/input_last_name'

2560-11-09 16:59:26 - [TEST_STEP][PASSED] - setText: Text 'Cprcn@gmail.com' is set on object 'Object Repository/signup/signup/input_email'

2560-11-09 16:59:26 - [MESSAGE][PASSED] - Text 'Cprcn@gmail.com' is set on object 'Object Repository/signup/signup/input_email'

2560-11-09 16:59:26 - [TEST_STEP][PASSED] - selectOptionByValue: All options with value '1' are selected in object 'Object Repository/signup/signup/select_question'  using regular expression

2560-11-09 16:59:27 - [MESSAGE][PASSED] - All options with value '1' are selected in object 'Object Repository/signup/signup/select_question'  using regular expression

2560-11-09 16:59:27 - [TEST_STEP][PASSED] - setText: Text 'Dog' is set on object 'Object Repository/signup/signup/input_answer'

2560-11-09 16:59:27 - [MESSAGE][PASSED] - Text 'Dog' is set on object 'Object Repository/signup/signup/input_answer'

2560-11-09 16:59:27 - [TEST_STEP][PASSED] - verifyElementNotClickable: Object 'Object Repository/signup/signup/button_Sign Up' is NOT clickable

2560-11-09 16:59:27 - [MESSAGE][PASSED] - Object 'Object Repository/signup/signup/button_Sign Up' is NOT clickable

2560-11-09 16:59:27 - [TEST_STEP][PASSED] - uploadFile: File 'C:\Penguins.jpg' sent to object: 'Object Repository/signup/signup/input_file-input'

2560-11-09 16:59:27 - [MESSAGE][PASSED] - File 'C:\Penguins.jpg' sent to object: 'Object Repository/signup/signup/input_file-input'

2560-11-09 16:59:27 - [TEST_STEP][PASSED] - setText: Text 'e' is set on object 'Object Repository/signup/signup/input_username'

2560-11-09 16:59:27 - [MESSAGE][PASSED] - Text 'e' is set on object 'Object Repository/signup/signup/input_username'

2560-11-09 16:59:27 - [TEST_STEP][PASSED] - sendKeys: Keys 'BACK_SPACE + ' sent to object: 'Object Repository/signup/signup/input_username'

2560-11-09 16:59:27 - [MESSAGE][PASSED] - Keys 'BACK_SPACE + ' sent to object: 'Object Repository/signup/signup/input_username'

2560-11-09 16:59:27 - [TEST_STEP][PASSED] - verifyElementNotClickable: Object 'Object Repository/signup/signup/button_Sign Up' is NOT clickable

2560-11-09 16:59:27 - [MESSAGE][PASSED] - Object 'Object Repository/signup/signup/button_Sign Up' is NOT clickable

2560-11-09 16:59:27 - [TEST_STEP][PASSED] - verifyElementPresent: Object 'Object Repository/signup/signup/Required/div_Username is required.' is present

2560-11-09 16:59:27 - [MESSAGE][PASSED] - Object 'Object Repository/signup/signup/Required/div_Username is required.' is present

2560-11-09 16:59:28 - [TEST_STEP][PASSED] - setText: Text 'Creme' is set on object 'Object Repository/signup/signup/input_username'

2560-11-09 16:59:28 - [MESSAGE][PASSED] - Text 'Creme' is set on object 'Object Repository/signup/signup/input_username'

2560-11-09 16:59:28 - [TEST_STEP][PASSED] - waitForElementClickable: Object 'Object Repository/signup/signup//button_Sign Up' is clickable

2560-11-09 16:59:28 - [MESSAGE][PASSED] - Object 'Object Repository/signup/signup//button_Sign Up' is clickable

2560-11-09 16:59:28 - [TEST_STEP][PASSED] - click: Object: 'Object Repository/signup/signup/button_Sign Up' is clicked on

2560-11-09 16:59:28 - [MESSAGE][PASSED] - Object: 'Object Repository/signup/signup/button_Sign Up' is clicked on

2560-11-09 16:59:28 - [TEST_STEP][PASSED] - verifyElementPresent: Object 'Object Repository/signup/signup//div_Username is existing accou' is present

2560-11-09 16:59:29 - [MESSAGE][PASSED] - Object 'Object Repository/signup/signup//div_Username is existing accou' is present

2560-11-09 16:59:29 - [TEST_STEP][PASSED] - click: Object: 'Object Repository/signup/signup//button_' is clicked on

2560-11-09 16:59:29 - [MESSAGE][PASSED] - Object: 'Object Repository/signup/signup//button_' is clicked on

2560-11-09 16:59:29 - [TEST_STEP][PASSED] - setText: Text 'e' is set on object 'Object Repository/signup/signup/input_password'

2560-11-09 16:59:29 - [MESSAGE][PASSED] - Text 'e' is set on object 'Object Repository/signup/signup/input_password'

2560-11-09 16:59:29 - [TEST_STEP][PASSED] - sendKeys: Keys 'BACK_SPACE + ' sent to object: 'Object Repository/signup/signup/input_password'

2560-11-09 16:59:29 - [MESSAGE][PASSED] - Keys 'BACK_SPACE + ' sent to object: 'Object Repository/signup/signup/input_password'

2560-11-09 16:59:29 - [TEST_STEP][PASSED] - verifyElementNotClickable: Object 'Object Repository/signup/signup/button_Sign Up' is NOT clickable

2560-11-09 16:59:29 - [MESSAGE][PASSED] - Object 'Object Repository/signup/signup/button_Sign Up' is NOT clickable

2560-11-09 16:59:29 - [TEST_STEP][PASSED] - verifyElementPresent: Object 'Object Repository/signup/signup/Required/div_Password is required.' is present

2560-11-09 16:59:29 - [MESSAGE][PASSED] - Object 'Object Repository/signup/signup/Required/div_Password is required.' is present

2560-11-09 16:59:29 - [TEST_STEP][PASSED] - setText: Text '1234' is set on object 'Object Repository/signup/signup/input_password'

2560-11-09 16:59:29 - [MESSAGE][PASSED] - Text '1234' is set on object 'Object Repository/signup/signup/input_password'

2560-11-09 16:59:29 - [TEST_STEP][PASSED] - setText: Text '54321' is set on object 'Object Repository/signup/signup/input_cfpassword'

2560-11-09 16:59:30 - [MESSAGE][PASSED] - Text '54321' is set on object 'Object Repository/signup/signup/input_cfpassword'

2560-11-09 16:59:30 - [TEST_STEP][PASSED] - verifyElementNotClickable: Object 'Object Repository/signup/signup/button_Sign Up' is NOT clickable

2560-11-09 16:59:30 - [MESSAGE][PASSED] - Object 'Object Repository/signup/signup/button_Sign Up' is NOT clickable

2560-11-09 16:59:30 - [TEST_STEP][PASSED] - verifyElementPresent: Object 'Object Repository/signup/signup/div_Password and Confirm Passw' is present

2560-11-09 16:59:30 - [MESSAGE][PASSED] - Object 'Object Repository/signup/signup/div_Password and Confirm Passw' is present

2560-11-09 16:59:30 - [TEST_STEP][PASSED] - setText: Text 'e' is set on object 'Object Repository/signup/signup/input_cfpassword'

2560-11-09 16:59:30 - [MESSAGE][PASSED] - Text 'e' is set on object 'Object Repository/signup/signup/input_cfpassword'

2560-11-09 16:59:30 - [TEST_STEP][PASSED] - sendKeys: Keys 'BACK_SPACE + ' sent to object: 'Object Repository/signup/signup/input_cfpassword'

2560-11-09 16:59:30 - [MESSAGE][PASSED] - Keys 'BACK_SPACE + ' sent to object: 'Object Repository/signup/signup/input_cfpassword'

2560-11-09 16:59:30 - [TEST_STEP][PASSED] - verifyElementNotClickable: Object 'Object Repository/signup/signup/button_Sign Up' is NOT clickable

2560-11-09 16:59:31 - [MESSAGE][PASSED] - Object 'Object Repository/signup/signup/button_Sign Up' is NOT clickable

2560-11-09 16:59:31 - [TEST_STEP][PASSED] - verifyElementPresent: Object 'Object Repository/signup/signup/div_Password and Confirm Passw' is present

2560-11-09 16:59:31 - [MESSAGE][PASSED] - Object 'Object Repository/signup/signup/div_Password and Confirm Passw' is present

2560-11-09 16:59:31 - [TEST_STEP][PASSED] - setText: Text '1234' is set on object 'Object Repository/signup/signup/input_cfpassword'

2560-11-09 16:59:31 - [MESSAGE][PASSED] - Text '1234' is set on object 'Object Repository/signup/signup/input_cfpassword'

2560-11-09 16:59:31 - [TEST_STEP][PASSED] - setText: Text 'e' is set on object 'Object Repository/signup/signup/input_first_name'

2560-11-09 16:59:31 - [MESSAGE][PASSED] - Text 'e' is set on object 'Object Repository/signup/signup/input_first_name'

2560-11-09 16:59:31 - [TEST_STEP][PASSED] - sendKeys: Keys 'BACK_SPACE + ' sent to object: 'Object Repository/signup/signup/input_first_name'

2560-11-09 16:59:31 - [MESSAGE][PASSED] - Keys 'BACK_SPACE + ' sent to object: 'Object Repository/signup/signup/input_first_name'

2560-11-09 16:59:31 - [TEST_STEP][PASSED] - verifyElementNotClickable: Object 'Object Repository/signup/signup/button_Sign Up' is NOT clickable

2560-11-09 16:59:32 - [MESSAGE][PASSED] - Object 'Object Repository/signup/signup/button_Sign Up' is NOT clickable

2560-11-09 16:59:32 - [TEST_STEP][PASSED] - verifyElementPresent: Object 'Object Repository/signup/signup/Required/div_Firstname is required.' is present

2560-11-09 16:59:32 - [MESSAGE][PASSED] - Object 'Object Repository/signup/signup/Required/div_Firstname is required.' is present

2560-11-09 16:59:32 - [TEST_STEP][PASSED] - setText: Text '55555' is set on object 'Object Repository/signup/signup/input_first_name'

2560-11-09 16:59:32 - [MESSAGE][PASSED] - Text '55555' is set on object 'Object Repository/signup/signup/input_first_name'

2560-11-09 16:59:32 - [TEST_STEP][PASSED] - verifyElementNotClickable: Object 'Object Repository/signup/signup/button_Sign Up' is NOT clickable

2560-11-09 16:59:32 - [MESSAGE][PASSED] - Object 'Object Repository/signup/signup/button_Sign Up' is NOT clickable

2560-11-09 16:59:32 - [TEST_STEP][PASSED] - verifyElementPresent: Object 'Object Repository/signup/signup//div_Firstname is not pattern.' is present

2560-11-09 16:59:32 - [MESSAGE][PASSED] - Object 'Object Repository/signup/signup//div_Firstname is not pattern.' is present

2560-11-09 16:59:32 - [TEST_STEP][PASSED] - setText: Text 'Piratchana' is set on object 'Object Repository/signup/signup/input_first_name'

2560-11-09 16:59:33 - [MESSAGE][PASSED] - Text 'Piratchana' is set on object 'Object Repository/signup/signup/input_first_name'

2560-11-09 16:59:33 - [TEST_STEP][PASSED] - setText: Text 'e' is set on object 'Object Repository/signup/signup/input_last_name'

2560-11-09 16:59:33 - [MESSAGE][PASSED] - Text 'e' is set on object 'Object Repository/signup/signup/input_last_name'

2560-11-09 16:59:33 - [TEST_STEP][PASSED] - sendKeys: Keys 'BACK_SPACE + ' sent to object: 'Object Repository/signup/signup/input_last_name'

2560-11-09 16:59:33 - [MESSAGE][PASSED] - Keys 'BACK_SPACE + ' sent to object: 'Object Repository/signup/signup/input_last_name'

2560-11-09 16:59:33 - [TEST_STEP][PASSED] - verifyElementNotClickable: Object 'Object Repository/signup/signup/button_Sign Up' is NOT clickable

2560-11-09 16:59:33 - [MESSAGE][PASSED] - Object 'Object Repository/signup/signup/button_Sign Up' is NOT clickable

2560-11-09 16:59:33 - [TEST_STEP][PASSED] - verifyElementPresent: Object 'Object Repository/signup/signup/Required/div_Lastname is required.' is present

2560-11-09 16:59:33 - [MESSAGE][PASSED] - Object 'Object Repository/signup/signup/Required/div_Lastname is required.' is present

2560-11-09 16:59:33 - [TEST_STEP][PASSED] - setText: Text '55555' is set on object 'Object Repository/signup/signup/input_last_name'

2560-11-09 16:59:33 - [MESSAGE][PASSED] - Text '55555' is set on object 'Object Repository/signup/signup/input_last_name'

2560-11-09 16:59:33 - [TEST_STEP][PASSED] - verifyElementNotClickable: Object 'Object Repository/signup/signup/button_Sign Up' is NOT clickable

2560-11-09 16:59:33 - [MESSAGE][PASSED] - Object 'Object Repository/signup/signup/button_Sign Up' is NOT clickable

2560-11-09 16:59:33 - [TEST_STEP][PASSED] - verifyElementPresent: Object 'Object Repository/signup/signup//div_Lastname is not pattern.' is present

2560-11-09 16:59:33 - [MESSAGE][PASSED] - Object 'Object Repository/signup/signup//div_Lastname is not pattern.' is present

2560-11-09 16:59:33 - [TEST_STEP][PASSED] - setText: Text 'Maksub' is set on object 'Object Repository/signup/signup/input_last_name'

2560-11-09 16:59:34 - [MESSAGE][PASSED] - Text 'Maksub' is set on object 'Object Repository/signup/signup/input_last_name'

2560-11-09 16:59:34 - [TEST_STEP][PASSED] - setText: Text 'e' is set on object 'Object Repository/signup/signup/input_email'

2560-11-09 16:59:34 - [MESSAGE][PASSED] - Text 'e' is set on object 'Object Repository/signup/signup/input_email'

2560-11-09 16:59:34 - [TEST_STEP][PASSED] - sendKeys: Keys 'BACK_SPACE + ' sent to object: 'Object Repository/signup/signup/input_email'

2560-11-09 16:59:34 - [MESSAGE][PASSED] - Keys 'BACK_SPACE + ' sent to object: 'Object Repository/signup/signup/input_email'

2560-11-09 16:59:34 - [TEST_STEP][PASSED] - verifyElementNotClickable: Object 'Object Repository/signup/signup/button_Sign Up' is NOT clickable

2560-11-09 16:59:34 - [MESSAGE][PASSED] - Object 'Object Repository/signup/signup/button_Sign Up' is NOT clickable

2560-11-09 16:59:34 - [TEST_STEP][PASSED] - verifyElementPresent: Object 'Object Repository/signup/signup/Required/div_Email is required.' is present

2560-11-09 16:59:34 - [MESSAGE][PASSED] - Object 'Object Repository/signup/signup/Required/div_Email is required.' is present

2560-11-09 16:59:35 - [TEST_STEP][PASSED] - setText: Text 'Cprcnnnnnn' is set on object 'Object Repository/signup/signup/input_email'

2560-11-09 16:59:35 - [MESSAGE][PASSED] - Text 'Cprcnnnnnn' is set on object 'Object Repository/signup/signup/input_email'

2560-11-09 16:59:35 - [TEST_STEP][PASSED] - verifyElementNotClickable: Object 'Object Repository/signup/signup/button_Sign Up' is NOT clickable

2560-11-09 16:59:35 - [MESSAGE][PASSED] - Object 'Object Repository/signup/signup/button_Sign Up' is NOT clickable

2560-11-09 16:59:35 - [TEST_STEP][PASSED] - verifyElementPresent: Object 'Object Repository/signup/signup//div_Email is not pattern.' is present

2560-11-09 16:59:35 - [MESSAGE][PASSED] - Object 'Object Repository/signup/signup//div_Email is not pattern.' is present

2560-11-09 16:59:35 - [TEST_STEP][PASSED] - setText: Text 'Cprcn@gmail.com' is set on object 'Object Repository/signup/signup/input_email'

2560-11-09 16:59:35 - [MESSAGE][PASSED] - Text 'Cprcn@gmail.com' is set on object 'Object Repository/signup/signup/input_email'

2560-11-09 16:59:35 - [TEST_STEP][PASSED] - selectOptionByIndex: All options with index in [0] are selected on object 'Object Repository/signup/signup/select_question'

2560-11-09 16:59:36 - [MESSAGE][PASSED] - All options with index in [0] are selected on object 'Object Repository/signup/signup/select_question'

2560-11-09 16:59:36 - [TEST_STEP][PASSED] - verifyElementNotClickable: Object 'Object Repository/signup/signup/button_Sign Up' is NOT clickable

2560-11-09 16:59:36 - [MESSAGE][PASSED] - Object 'Object Repository/signup/signup/button_Sign Up' is NOT clickable

2560-11-09 16:59:36 - [TEST_STEP][PASSED] - verifyElementPresent: Object 'Object Repository/signup/signup/Required/div_Question is required.' is present

2560-11-09 16:59:36 - [MESSAGE][PASSED] - Object 'Object Repository/signup/signup/Required/div_Question is required.' is present

2560-11-09 16:59:36 - [TEST_STEP][PASSED] - selectOptionByValue: All options with value '1' are selected in object 'Object Repository/signup/signup/select_question'  using regular expression

2560-11-09 16:59:36 - [MESSAGE][PASSED] - All options with value '1' are selected in object 'Object Repository/signup/signup/select_question'  using regular expression

2560-11-09 16:59:36 - [TEST_STEP][PASSED] - setText: Text 'e' is set on object 'Object Repository/signup/signup/input_answer'

2560-11-09 16:59:36 - [MESSAGE][PASSED] - Text 'e' is set on object 'Object Repository/signup/signup/input_answer'

2560-11-09 16:59:36 - [TEST_STEP][PASSED] - sendKeys: Keys 'BACK_SPACE + ' sent to object: 'Object Repository/signup/signup/input_answer'

2560-11-09 16:59:37 - [MESSAGE][PASSED] - Keys 'BACK_SPACE + ' sent to object: 'Object Repository/signup/signup/input_answer'

2560-11-09 16:59:37 - [TEST_STEP][PASSED] - verifyElementNotClickable: Object 'Object Repository/signup/signup/button_Sign Up' is NOT clickable

2560-11-09 16:59:37 - [MESSAGE][PASSED] - Object 'Object Repository/signup/signup/button_Sign Up' is NOT clickable

2560-11-09 16:59:37 - [TEST_STEP][PASSED] - verifyElementPresent: Object 'Object Repository/signup/signup/Required/div_Answer is required.' is present

2560-11-09 16:59:37 - [MESSAGE][PASSED] - Object 'Object Repository/signup/signup/Required/div_Answer is required.' is present

2560-11-09 16:59:37 - [TEST_STEP][PASSED] - setText: Text 'Dog' is set on object 'Object Repository/signup/signup/input_answer'

2560-11-09 16:59:37 - [MESSAGE][PASSED] - Text 'Dog' is set on object 'Object Repository/signup/signup/input_answer'

2560-11-09 16:59:37 - [TEST_STEP][PASSED] - setText: Text '09592560165924' is set on object 'Object Repository/signup/signup/input_username'

2560-11-09 16:59:37 - [MESSAGE][PASSED] - Text '09592560165924' is set on object 'Object Repository/signup/signup/input_username'

2560-11-09 16:59:37 - [TEST_STEP][PASSED] - click: Object: 'Object Repository/signup/signup/button_Sign Up' is clicked on

2560-11-09 16:59:38 - [MESSAGE][PASSED] - Object: 'Object Repository/signup/signup/button_Sign Up' is clicked on

2560-11-09 16:59:38 - [TEST_STEP][PASSED] - verifyElementPresent: Object 'Object Repository/signup/signup/div_Sign Up Successful' is present

2560-11-09 16:59:38 - [MESSAGE][PASSED] - Object 'Object Repository/signup/signup/div_Sign Up Successful' is present

2560-11-09 16:59:38 - [TEST_STEP][PASSED] - click: Object: 'Object Repository/signup/signup//button_' is clicked on

2560-11-09 16:59:38 - [MESSAGE][PASSED] - Object: 'Object Repository/signup/signup//button_' is clicked on

2560-11-09 16:59:38 - [TEST_STEP][PASSED] - scrollToElement: Scroll to object 'Object Repository/signup/start/span_Login' successfully

2560-11-09 16:59:38 - [MESSAGE][PASSED] - Scroll to object 'Object Repository/signup/start/span_Login' successfully

2560-11-09 16:59:38 - [TEST_STEP][NOT_RUN] - closeBrowser: NOT_RUN: closeBrowser

2560-11-09 16:59:38 - [MESSAGE][NOT_RUN] - NOT_RUN: closeBrowser]]></system-out>
         <system-err><![CDATA[]]></system-err>
      </testcase>
      <testcase name="Test Cases/2. Login/Login" classname="Test Cases/2. Login/Login" status="PASSED">
         <system-out><![CDATA[2560-11-09 16:59:38 - [TEST_CASE][PASSED] - Test Cases/2. Login/Login: Test Cases/2. Login/Login

2560-11-09 16:59:39 - [TEST_STEP][NOT_RUN] - openBrowser: NOT_RUN: openBrowser

2560-11-09 16:59:39 - [MESSAGE][NOT_RUN] - NOT_RUN: openBrowser

2560-11-09 16:59:39 - [TEST_STEP][NOT_RUN] - maximizeWindow: NOT_RUN: maximizeWindow

2560-11-09 16:59:39 - [MESSAGE][NOT_RUN] - NOT_RUN: maximizeWindow

2560-11-09 16:59:39 - [TEST_STEP][NOT_RUN] - navigateToUrl: NOT_RUN: navigateToUrl

2560-11-09 16:59:39 - [MESSAGE][NOT_RUN] - NOT_RUN: navigateToUrl

2560-11-09 16:59:39 - [TEST_STEP][PASSED] - click: Object: 'Object Repository/Page_Guru TMDA/span_Login' is clicked on

2560-11-09 16:59:39 - [MESSAGE][PASSED] - Object: 'Object Repository/Page_Guru TMDA/span_Login' is clicked on

2560-11-09 16:59:39 - [TEST_STEP][PASSED] - setText: Text '1234' is set on object 'Object Repository/Page_Guru TMDA (1)/input_ng-untouched ng-pristine'

2560-11-09 16:59:39 - [MESSAGE][PASSED] - Text '1234' is set on object 'Object Repository/Page_Guru TMDA (1)/input_ng-untouched ng-pristine'

2560-11-09 16:59:39 - [TEST_STEP][PASSED] - submit: The form containing object: 'Object Repository/Page_Guru TMDA (1)/button_Login' is submitted

2560-11-09 16:59:40 - [MESSAGE][PASSED] - The form containing object: 'Object Repository/Page_Guru TMDA (1)/button_Login' is submitted

2560-11-09 16:59:40 - [TEST_STEP][PASSED] - verifyElementPresent: Object 'Object Repository/Login/div_Username is not null.' is present

2560-11-09 16:59:40 - [MESSAGE][PASSED] - Object 'Object Repository/Login/div_Username is not null.' is present

2560-11-09 16:59:40 - [TEST_STEP][PASSED] - setText: Text 'Cremeee' is set on object 'Object Repository/Page_Guru TMDA (1)/input_ng-untouched ng-valid ng'

2560-11-09 16:59:40 - [MESSAGE][PASSED] - Text 'Cremeee' is set on object 'Object Repository/Page_Guru TMDA (1)/input_ng-untouched ng-valid ng'

2560-11-09 16:59:40 - [TEST_STEP][PASSED] - submit: The form containing object: 'Object Repository/Page_Guru TMDA (1)/button_Login' is submitted

2560-11-09 16:59:40 - [MESSAGE][PASSED] - The form containing object: 'Object Repository/Page_Guru TMDA (1)/button_Login' is submitted

2560-11-09 16:59:40 - [TEST_STEP][PASSED] - verifyElementPresent: Object 'Object Repository/Login/div_User Not Found' is present

2560-11-09 16:59:40 - [MESSAGE][PASSED] - Object 'Object Repository/Login/div_User Not Found' is present

2560-11-09 16:59:40 - [TEST_STEP][PASSED] - setText: Text 'bbb' is set on object 'Object Repository/Page_Guru TMDA (1)/input_ng-untouched ng-valid ng'

2560-11-09 16:59:40 - [MESSAGE][PASSED] - Text 'bbb' is set on object 'Object Repository/Page_Guru TMDA (1)/input_ng-untouched ng-valid ng'

2560-11-09 16:59:40 - [TEST_STEP][PASSED] - setText: Text 'bbb' is set on object 'Object Repository/Page_Guru TMDA (1)/input_ng-untouched ng-pristine'

2560-11-09 16:59:40 - [MESSAGE][PASSED] - Text 'bbb' is set on object 'Object Repository/Page_Guru TMDA (1)/input_ng-untouched ng-pristine'

2560-11-09 16:59:40 - [TEST_STEP][PASSED] - submit: The form containing object: 'Object Repository/Page_Guru TMDA (1)/button_Login' is submitted

2560-11-09 16:59:41 - [MESSAGE][PASSED] - The form containing object: 'Object Repository/Page_Guru TMDA (1)/button_Login' is submitted

2560-11-09 16:59:41 - [TEST_STEP][PASSED] - verifyElementPresent: Object 'Object Repository/Login/div_User Not Activate' is present

2560-11-09 16:59:41 - [MESSAGE][PASSED] - Object 'Object Repository/Login/div_User Not Activate' is present

2560-11-09 16:59:41 - [TEST_STEP][PASSED] - setText: Text 'Creme' is set on object 'Object Repository/Page_Guru TMDA (1)/input_ng-untouched ng-valid ng'

2560-11-09 16:59:41 - [MESSAGE][PASSED] - Text 'Creme' is set on object 'Object Repository/Page_Guru TMDA (1)/input_ng-untouched ng-valid ng'

2560-11-09 16:59:41 - [TEST_STEP][PASSED] - setText: Text 'e' is set on object 'Object Repository/Page_Guru TMDA (1)/input_ng-untouched ng-pristine'

2560-11-09 16:59:41 - [MESSAGE][PASSED] - Text 'e' is set on object 'Object Repository/Page_Guru TMDA (1)/input_ng-untouched ng-pristine'

2560-11-09 16:59:41 - [TEST_STEP][PASSED] - sendKeys: Keys 'BACK_SPACE + ' sent to object: 'Object Repository/Page_Guru TMDA (1)/input_ng-untouched ng-pristine'

2560-11-09 16:59:41 - [MESSAGE][PASSED] - Keys 'BACK_SPACE + ' sent to object: 'Object Repository/Page_Guru TMDA (1)/input_ng-untouched ng-pristine'

2560-11-09 16:59:41 - [TEST_STEP][PASSED] - submit: The form containing object: 'Object Repository/Page_Guru TMDA (1)/button_Login' is submitted

2560-11-09 16:59:41 - [MESSAGE][PASSED] - The form containing object: 'Object Repository/Page_Guru TMDA (1)/button_Login' is submitted

2560-11-09 16:59:42 - [TEST_STEP][PASSED] - verifyElementPresent: Object 'Object Repository/Login/div_Password is not null.' is present

2560-11-09 16:59:42 - [MESSAGE][PASSED] - Object 'Object Repository/Login/div_Password is not null.' is present

2560-11-09 16:59:42 - [TEST_STEP][PASSED] - setText: Text '55555' is set on object 'Object Repository/Page_Guru TMDA (1)/input_ng-untouched ng-pristine'

2560-11-09 16:59:42 - [MESSAGE][PASSED] - Text '55555' is set on object 'Object Repository/Page_Guru TMDA (1)/input_ng-untouched ng-pristine'

2560-11-09 16:59:42 - [TEST_STEP][PASSED] - submit: The form containing object: 'Object Repository/Page_Guru TMDA (1)/button_Login' is submitted

2560-11-09 16:59:42 - [MESSAGE][PASSED] - The form containing object: 'Object Repository/Page_Guru TMDA (1)/button_Login' is submitted

2560-11-09 16:59:42 - [TEST_STEP][PASSED] - verifyElementPresent: Object 'Object Repository/Login/div_Incorrect Password' is present

2560-11-09 16:59:43 - [MESSAGE][PASSED] - Object 'Object Repository/Login/div_Incorrect Password' is present

2560-11-09 16:59:43 - [TEST_STEP][PASSED] - setText: Text '1234' is set on object 'Object Repository/Page_Guru TMDA (1)/input_ng-untouched ng-pristine'

2560-11-09 16:59:43 - [MESSAGE][PASSED] - Text '1234' is set on object 'Object Repository/Page_Guru TMDA (1)/input_ng-untouched ng-pristine'

2560-11-09 16:59:43 - [TEST_STEP][PASSED] - submit: The form containing object: 'Object Repository/Page_Guru TMDA (1)/button_Login' is submitted

2560-11-09 16:59:43 - [MESSAGE][PASSED] - The form containing object: 'Object Repository/Page_Guru TMDA (1)/button_Login' is submitted

2560-11-09 16:59:43 - [TEST_STEP][PASSED] - verifyElementPresent: Object 'Object Repository/Page_Guru TMDA (7)/a_Help' is present

2560-11-09 16:59:43 - [MESSAGE][WARNING] - Timeout '0' is invalid. Using default page load timeout: '30'

2560-11-09 16:59:43 - [MESSAGE][PASSED] - Object 'Object Repository/Page_Guru TMDA (7)/a_Help' is present

2560-11-09 16:59:43 - [TEST_STEP][NOT_RUN] - closeBrowser: NOT_RUN: closeBrowser

2560-11-09 16:59:43 - [MESSAGE][NOT_RUN] - NOT_RUN: closeBrowser]]></system-out>
         <system-err><![CDATA[]]></system-err>
      </testcase>
      <testcase name="Test Cases/3. Menu Text Prediction/Single Verbatim with login" classname="Test Cases/3. Menu Text Prediction/Single Verbatim with login" status="PASSED">
         <system-out><![CDATA[2560-11-09 16:59:43 - [TEST_CASE][PASSED] - Test Cases/3. Menu Text Prediction/Single Verbatim with login: Test Cases/3. Menu Text Prediction/Single Verbatim with login

2560-11-09 16:59:44 - [TEST_STEP][NOT_RUN] - openBrowser: NOT_RUN: openBrowser

2560-11-09 16:59:44 - [MESSAGE][NOT_RUN] - NOT_RUN: openBrowser

2560-11-09 16:59:44 - [TEST_STEP][NOT_RUN] - maximizeWindow: NOT_RUN: maximizeWindow

2560-11-09 16:59:44 - [MESSAGE][NOT_RUN] - NOT_RUN: maximizeWindow

2560-11-09 16:59:44 - [TEST_STEP][NOT_RUN] - navigateToUrl: NOT_RUN: navigateToUrl

2560-11-09 16:59:44 - [MESSAGE][NOT_RUN] - NOT_RUN: navigateToUrl

2560-11-09 16:59:44 - [TEST_STEP][NOT_RUN] - click: NOT_RUN: click

2560-11-09 16:59:44 - [MESSAGE][NOT_RUN] - NOT_RUN: click

2560-11-09 16:59:44 - [TEST_STEP][NOT_RUN] - setText: NOT_RUN: setText

2560-11-09 16:59:44 - [MESSAGE][NOT_RUN] - NOT_RUN: setText

2560-11-09 16:59:44 - [TEST_STEP][NOT_RUN] - setText: NOT_RUN: setText

2560-11-09 16:59:44 - [MESSAGE][NOT_RUN] - NOT_RUN: setText

2560-11-09 16:59:44 - [TEST_STEP][NOT_RUN] - click: NOT_RUN: click

2560-11-09 16:59:44 - [MESSAGE][NOT_RUN] - NOT_RUN: click

2560-11-09 16:59:44 - [TEST_STEP][PASSED] - click: Object: 'Object Repository/Page single/Page_Guru TMDA/button_btn btn-link' is clicked on

2560-11-09 16:59:44 - [MESSAGE][PASSED] - Object: 'Object Repository/Page single/Page_Guru TMDA/button_btn btn-link' is clicked on

2560-11-09 16:59:44 - [TEST_STEP][PASSED] - verifyElementPresent: Object 'Object Repository/single verbatim with login/span_Verbatim is not null' is present

2560-11-09 16:59:44 - [MESSAGE][PASSED] - Object 'Object Repository/single verbatim with login/span_Verbatim is not null' is present

2560-11-09 16:59:44 - [TEST_STEP][PASSED] - setText: Text 'บริการดีแต่รอคิวนาน' is set on object 'Object Repository/Page_Guru TMDA (2)/input_input-text w3-large inpu'

2560-11-09 16:59:44 - [MESSAGE][PASSED] - Text 'บริการดีแต่รอคิวนาน' is set on object 'Object Repository/Page_Guru TMDA (2)/input_input-text w3-large inpu'

2560-11-09 16:59:44 - [TEST_STEP][PASSED] - click: Object: 'Object Repository/Page single/Page_Guru TMDA/button_btn btn-link' is clicked on

2560-11-09 16:59:44 - [MESSAGE][PASSED] - Object: 'Object Repository/Page single/Page_Guru TMDA/button_btn btn-link' is clicked on

2560-11-09 16:59:44 - [TEST_STEP][PASSED] - verifyElementPresent: Object 'Object Repository/Page_Guru TMDA (2)/div_row' is present

2560-11-09 17:00:03 - [MESSAGE][PASSED] - Object 'Object Repository/Page_Guru TMDA (2)/div_row' is present

2560-11-09 17:00:03 - [TEST_STEP][PASSED] - verifyElementPresent: Object 'Object Repository/Page_Guru TMDA (2)/div_predict-result' is present

2560-11-09 17:00:03 - [MESSAGE][PASSED] - Object 'Object Repository/Page_Guru TMDA (2)/div_predict-result' is present

2560-11-09 17:00:03 - [TEST_STEP][PASSED] - setText: Text 'โคยยยยย' is set on object 'Object Repository/Page_Guru TMDA (2)/input_input-text w3-large inpu'

2560-11-09 17:00:03 - [MESSAGE][PASSED] - Text 'โคยยยยย' is set on object 'Object Repository/Page_Guru TMDA (2)/input_input-text w3-large inpu'

2560-11-09 17:00:03 - [TEST_STEP][PASSED] - click: Object: 'Object Repository/single verbatim with login//button_btn btn-link' is clicked on

2560-11-09 17:00:03 - [MESSAGE][PASSED] - Object: 'Object Repository/single verbatim with login//button_btn btn-link' is clicked on

2560-11-09 17:00:03 - [TEST_STEP][PASSED] - verifyElementPresent: Object 'Object Repository/Page_Guru TMDA (2)/div_predict-result' is present

2560-11-09 17:00:22 - [MESSAGE][PASSED] - Object 'Object Repository/Page_Guru TMDA (2)/div_predict-result' is present

2560-11-09 17:00:22 - [TEST_STEP][PASSED] - verifyElementPresent: Object 'Object Repository/single verbatim with login/img' is present

2560-11-09 17:00:22 - [MESSAGE][PASSED] - Object 'Object Repository/single verbatim with login/img' is present

2560-11-09 17:00:22 - [TEST_STEP][NOT_RUN] - closeBrowser: NOT_RUN: closeBrowser

2560-11-09 17:00:22 - [MESSAGE][NOT_RUN] - NOT_RUN: closeBrowser]]></system-out>
         <system-err><![CDATA[]]></system-err>
      </testcase>
      <testcase name="Test Cases/3. Menu Text Prediction/Upload File without labelling" classname="Test Cases/3. Menu Text Prediction/Upload File without labelling" status="PASSED">
         <system-out><![CDATA[2560-11-09 17:00:22 - [TEST_CASE][PASSED] - Test Cases/3. Menu Text Prediction/Upload File without labelling: Test Cases/3. Menu Text Prediction/Upload File without labelling

2560-11-09 17:00:22 - [TEST_STEP][NOT_RUN] - openBrowser: NOT_RUN: openBrowser

2560-11-09 17:00:22 - [MESSAGE][NOT_RUN] - NOT_RUN: openBrowser

2560-11-09 17:00:22 - [TEST_STEP][NOT_RUN] - maximizeWindow: NOT_RUN: maximizeWindow

2560-11-09 17:00:22 - [MESSAGE][NOT_RUN] - NOT_RUN: maximizeWindow

2560-11-09 17:00:22 - [TEST_STEP][NOT_RUN] - navigateToUrl: NOT_RUN: navigateToUrl

2560-11-09 17:00:22 - [MESSAGE][NOT_RUN] - NOT_RUN: navigateToUrl

2560-11-09 17:00:22 - [TEST_STEP][NOT_RUN] - click: NOT_RUN: click

2560-11-09 17:00:22 - [MESSAGE][NOT_RUN] - NOT_RUN: click

2560-11-09 17:00:22 - [TEST_STEP][NOT_RUN] - setText: NOT_RUN: setText

2560-11-09 17:00:22 - [MESSAGE][NOT_RUN] - NOT_RUN: setText

2560-11-09 17:00:22 - [TEST_STEP][NOT_RUN] - setText: NOT_RUN: setText

2560-11-09 17:00:22 - [MESSAGE][NOT_RUN] - NOT_RUN: setText

2560-11-09 17:00:22 - [TEST_STEP][NOT_RUN] - click: NOT_RUN: click

2560-11-09 17:00:22 - [MESSAGE][NOT_RUN] - NOT_RUN: click

2560-11-09 17:00:22 - [TEST_STEP][PASSED] - click: Object: 'Object Repository/Page_Guru TMDA (3)/a_Text Prediction' is clicked on

2560-11-09 17:00:22 - [MESSAGE][PASSED] - Object: 'Object Repository/Page_Guru TMDA (3)/a_Text Prediction' is clicked on

2560-11-09 17:00:22 - [TEST_STEP][PASSED] - click: Object: 'Object Repository/Page_Guru TMDA (3)/a_Upload File' is clicked on

2560-11-09 17:00:22 - [MESSAGE][PASSED] - Object: 'Object Repository/Page_Guru TMDA (3)/a_Upload File' is clicked on

2560-11-09 17:00:22 - [TEST_STEP][PASSED] - verifyElementNotClickable: Object 'Object Repository/Page_Guru TMDA (5)/button_Upload' is NOT clickable

2560-11-09 17:00:22 - [MESSAGE][PASSED] - Object 'Object Repository/Page_Guru TMDA (5)/button_Upload' is NOT clickable

2560-11-09 17:00:22 - [TEST_STEP][PASSED] - uploadFile: File 'C:\Penguins.jpg' sent to object: 'Object Repository/Page_Guru TMDA (6)/Page_Guru TMDA (4)/input_upfile'

2560-11-09 17:00:23 - [MESSAGE][PASSED] - File 'C:\Penguins.jpg' sent to object: 'Object Repository/Page_Guru TMDA (6)/Page_Guru TMDA (4)/input_upfile'

2560-11-09 17:00:23 - [TEST_STEP][PASSED] - waitForElementClickable: Object 'Object Repository/Page_Guru TMDA (5)/button_Upload' is clickable

2560-11-09 17:00:23 - [MESSAGE][PASSED] - Object 'Object Repository/Page_Guru TMDA (5)/button_Upload' is clickable

2560-11-09 17:00:23 - [TEST_STEP][PASSED] - click: Object: 'Object Repository/Page_Guru TMDA (5)/button_Upload' is clicked on

2560-11-09 17:00:23 - [MESSAGE][PASSED] - Object: 'Object Repository/Page_Guru TMDA (5)/button_Upload' is clicked on

2560-11-09 17:00:23 - [TEST_STEP][PASSED] - waitForElementNotPresent: Web element with id: 'Object Repository/Page_Guru TMDA (6)/Page_Guru TMDA (5)/Page_Guru TMDA/div_progress-bar-zone' located by 'By.xpath: //div[count(. | /html[1]/body[1]/my-app[1]/app-multiple-verbatim[1]/div[@class="popup-zone"]/div[@class="progress-bar-zone"]) = count(/html[1]/body[1]/my-app[1]/app-multiple-verbatim[1]/div[@class="popup-zone"]/div[@class="progress-bar-zone"])]' is not present after '5' second(s)

2560-11-09 17:00:24 - [MESSAGE][PASSED] - Web element with id: 'Object Repository/Page_Guru TMDA (6)/Page_Guru TMDA (5)/Page_Guru TMDA/div_progress-bar-zone' located by 'By.xpath: //div[count(. | /html[1]/body[1]/my-app[1]/app-multiple-verbatim[1]/div[@class="popup-zone"]/div[@class="progress-bar-zone"]) = count(/html[1]/body[1]/my-app[1]/app-multiple-verbatim[1]/div[@class="popup-zone"]/div[@class="progress-bar-zone"])]' is not present after '5' second(s)

2560-11-09 17:00:24 - [TEST_STEP][PASSED] - verifyElementPresent: Object 'Object Repository/Upload file without Labeling/Uploading/div_File Not Type of Excel' is present

2560-11-09 17:00:24 - [MESSAGE][PASSED] - Object 'Object Repository/Upload file without Labeling/Uploading/div_File Not Type of Excel' is present

2560-11-09 17:00:24 - [TEST_STEP][PASSED] - click: Object: 'Object Repository/Upload file without Labeling/Uploading/button_ close Not type of excel' is clicked on

2560-11-09 17:00:24 - [MESSAGE][PASSED] - Object: 'Object Repository/Upload file without Labeling/Uploading/button_ close Not type of excel' is clicked on

2560-11-09 17:00:24 - [TEST_STEP][PASSED] - waitForElementNotPresent: Web element with id: 'Object Repository/Upload file without Labeling/Uploading//div_File Not Type of Excel' located by 'By.xpath: //div[count(. | //*[@class = 'w3-xlarge w3-text-gray w3-padding-16']) = count(//*[@class = 'w3-xlarge w3-text-gray w3-padding-16'])][count(. | //*[text() = 'File Not Type of Excel!']) = count(//*[text() = 'File Not Type of Excel!'])][count(. | id("swal2-content")/div[@class="w3-white"]/div[@class="w3-xlarge w3-text-gray w3-padding-16"]) = count(id("swal2-content")/div[@class="w3-white"]/div[@class="w3-xlarge w3-text-gray w3-padding-16"])]' is not present after '5' second(s)

2560-11-09 17:00:25 - [MESSAGE][PASSED] - Web element with id: 'Object Repository/Upload file without Labeling/Uploading//div_File Not Type of Excel' located by 'By.xpath: //div[count(. | //*[@class = 'w3-xlarge w3-text-gray w3-padding-16']) = count(//*[@class = 'w3-xlarge w3-text-gray w3-padding-16'])][count(. | //*[text() = 'File Not Type of Excel!']) = count(//*[text() = 'File Not Type of Excel!'])][count(. | id("swal2-content")/div[@class="w3-white"]/div[@class="w3-xlarge w3-text-gray w3-padding-16"]) = count(id("swal2-content")/div[@class="w3-white"]/div[@class="w3-xlarge w3-text-gray w3-padding-16"])]' is not present after '5' second(s)

2560-11-09 17:00:25 - [TEST_STEP][PASSED] - uploadFile: File 'C:\test-Copy1.xlsx' sent to object: 'Object Repository/Page_Guru TMDA (6)/Page_Guru TMDA (4)/input_upfile'

2560-11-09 17:00:25 - [MESSAGE][PASSED] - File 'C:\test-Copy1.xlsx' sent to object: 'Object Repository/Page_Guru TMDA (6)/Page_Guru TMDA (4)/input_upfile'

2560-11-09 17:00:25 - [TEST_STEP][PASSED] - click: Object: 'Object Repository/Page_Guru TMDA (5)/button_Upload' is clicked on

2560-11-09 17:00:25 - [MESSAGE][PASSED] - Object: 'Object Repository/Page_Guru TMDA (5)/button_Upload' is clicked on

2560-11-09 17:00:25 - [TEST_STEP][PASSED] - waitForElementNotPresent: Web element with id: 'Object Repository/Page_Guru TMDA (6)/Page_Guru TMDA (5)/Page_Guru TMDA/div_progress-bar-zone' located by 'By.xpath: //div[count(. | /html[1]/body[1]/my-app[1]/app-multiple-verbatim[1]/div[@class="popup-zone"]/div[@class="progress-bar-zone"]) = count(/html[1]/body[1]/my-app[1]/app-multiple-verbatim[1]/div[@class="popup-zone"]/div[@class="progress-bar-zone"])]' is not present after '5' second(s)

2560-11-09 17:00:26 - [MESSAGE][PASSED] - Web element with id: 'Object Repository/Page_Guru TMDA (6)/Page_Guru TMDA (5)/Page_Guru TMDA/div_progress-bar-zone' located by 'By.xpath: //div[count(. | /html[1]/body[1]/my-app[1]/app-multiple-verbatim[1]/div[@class="popup-zone"]/div[@class="progress-bar-zone"]) = count(/html[1]/body[1]/my-app[1]/app-multiple-verbatim[1]/div[@class="popup-zone"]/div[@class="progress-bar-zone"])]' is not present after '5' second(s)

2560-11-09 17:00:26 - [TEST_STEP][NOT_RUN] - click: NOT_RUN: click

2560-11-09 17:00:26 - [MESSAGE][NOT_RUN] - NOT_RUN: click

2560-11-09 17:00:26 - [TEST_STEP][PASSED] - selectOptionByIndex: All options with index in [1] are selected on object 'Object Repository/Page_Guru TMDA (5)/select_sheet'

2560-11-09 17:00:26 - [MESSAGE][PASSED] - All options with index in [1] are selected on object 'Object Repository/Page_Guru TMDA (5)/select_sheet'

2560-11-09 17:00:26 - [TEST_STEP][PASSED] - waitForElementPresent: Object 'Object Repository/Page_Guru TMDA (6)/Page_Guru TMDA (1)/div_w3-padding-32 w3-center' is present

2560-11-09 17:00:29 - [MESSAGE][PASSED] - Object 'Object Repository/Page_Guru TMDA (6)/Page_Guru TMDA (1)/div_w3-padding-32 w3-center' is present

2560-11-09 17:00:29 - [TEST_STEP][PASSED] - verifyElementPresent: Object 'Object Repository/Upload file without Labeling/Uploading/div_Your file is not verified.' is present

2560-11-09 17:00:29 - [MESSAGE][PASSED] - Object 'Object Repository/Upload file without Labeling/Uploading/div_Your file is not verified.' is present

2560-11-09 17:00:29 - [TEST_STEP][PASSED] - click: Object: 'Object Repository/Upload file without Labeling/Uploading/button_ closeing Your file is not verified' is clicked on

2560-11-09 17:00:30 - [MESSAGE][PASSED] - Object: 'Object Repository/Upload file without Labeling/Uploading/button_ closeing Your file is not verified' is clicked on

2560-11-09 17:00:30 - [TEST_STEP][PASSED] - waitForElementNotPresent: Web element with id: 'Object Repository/Upload file without Labeling/Uploading/div_Your file is not verified.' located by 'By.xpath: //div[count(. | //*[@class = 'w3-xlarge w3-text-gray w3-padding-16']) = count(//*[@class = 'w3-xlarge w3-text-gray w3-padding-16'])][count(. | //*[text() = 'Your file is not verified.']) = count(//*[text() = 'Your file is not verified.'])][count(. | id("swal2-content")/div[@class="w3-white"]/div[@class="w3-xlarge w3-text-gray w3-padding-16"]) = count(id("swal2-content")/div[@class="w3-white"]/div[@class="w3-xlarge w3-text-gray w3-padding-16"])]' is not present after '5' second(s)

2560-11-09 17:00:30 - [MESSAGE][PASSED] - Web element with id: 'Object Repository/Upload file without Labeling/Uploading/div_Your file is not verified.' located by 'By.xpath: //div[count(. | //*[@class = 'w3-xlarge w3-text-gray w3-padding-16']) = count(//*[@class = 'w3-xlarge w3-text-gray w3-padding-16'])][count(. | //*[text() = 'Your file is not verified.']) = count(//*[text() = 'Your file is not verified.'])][count(. | id("swal2-content")/div[@class="w3-white"]/div[@class="w3-xlarge w3-text-gray w3-padding-16"]) = count(id("swal2-content")/div[@class="w3-white"]/div[@class="w3-xlarge w3-text-gray w3-padding-16"])]' is not present after '5' second(s)

2560-11-09 17:00:30 - [TEST_STEP][PASSED] - uploadFile: File 'C:\test1.xlsx' sent to object: 'Object Repository/Page_Guru TMDA (6)/Page_Guru TMDA (4)/input_upfile'

2560-11-09 17:00:30 - [MESSAGE][PASSED] - File 'C:\test1.xlsx' sent to object: 'Object Repository/Page_Guru TMDA (6)/Page_Guru TMDA (4)/input_upfile'

2560-11-09 17:00:30 - [TEST_STEP][PASSED] - click: Object: 'Object Repository/Page_Guru TMDA (5)/button_Upload' is clicked on

2560-11-09 17:00:30 - [MESSAGE][PASSED] - Object: 'Object Repository/Page_Guru TMDA (5)/button_Upload' is clicked on

2560-11-09 17:00:30 - [TEST_STEP][PASSED] - waitForElementNotPresent: Web element with id: 'Object Repository/Page_Guru TMDA (6)/Page_Guru TMDA (5)/Page_Guru TMDA/div_progress-bar-zone' located by 'By.xpath: //div[count(. | /html[1]/body[1]/my-app[1]/app-multiple-verbatim[1]/div[@class="popup-zone"]/div[@class="progress-bar-zone"]) = count(/html[1]/body[1]/my-app[1]/app-multiple-verbatim[1]/div[@class="popup-zone"]/div[@class="progress-bar-zone"])]' is not present after '5' second(s)

2560-11-09 17:00:31 - [MESSAGE][PASSED] - Web element with id: 'Object Repository/Page_Guru TMDA (6)/Page_Guru TMDA (5)/Page_Guru TMDA/div_progress-bar-zone' located by 'By.xpath: //div[count(. | /html[1]/body[1]/my-app[1]/app-multiple-verbatim[1]/div[@class="popup-zone"]/div[@class="progress-bar-zone"]) = count(/html[1]/body[1]/my-app[1]/app-multiple-verbatim[1]/div[@class="popup-zone"]/div[@class="progress-bar-zone"])]' is not present after '5' second(s)

2560-11-09 17:00:31 - [TEST_STEP][NOT_RUN] - click: NOT_RUN: click

2560-11-09 17:00:31 - [MESSAGE][NOT_RUN] - NOT_RUN: click

2560-11-09 17:00:31 - [TEST_STEP][PASSED] - selectOptionByIndex: All options with index in [1] are selected on object 'Object Repository/Page_Guru TMDA (5)/select_sheet'

2560-11-09 17:00:31 - [MESSAGE][PASSED] - All options with index in [1] are selected on object 'Object Repository/Page_Guru TMDA (5)/select_sheet'

2560-11-09 17:00:31 - [TEST_STEP][PASSED] - waitForElementPresent: Object 'Object Repository/Page_Guru TMDA (6)/Page_Guru TMDA (1)/div_w3-padding-32 w3-center' is present

2560-11-09 17:00:35 - [MESSAGE][PASSED] - Object 'Object Repository/Page_Guru TMDA (6)/Page_Guru TMDA (1)/div_w3-padding-32 w3-center' is present

2560-11-09 17:00:35 - [TEST_STEP][PASSED] - verifyElementPresent: Object 'Object Repository/Upload file without Labeling/Uploading/div_Your file is not verified.' is present

2560-11-09 17:00:35 - [MESSAGE][PASSED] - Object 'Object Repository/Upload file without Labeling/Uploading/div_Your file is not verified.' is present

2560-11-09 17:00:35 - [TEST_STEP][PASSED] - click: Object: 'Object Repository/Upload file without Labeling/Uploading/button_ closeing Your file is not verified' is clicked on

2560-11-09 17:00:35 - [MESSAGE][PASSED] - Object: 'Object Repository/Upload file without Labeling/Uploading/button_ closeing Your file is not verified' is clicked on

2560-11-09 17:00:35 - [TEST_STEP][PASSED] - waitForElementNotPresent: Web element with id: 'Object Repository/Upload file without Labeling/Uploading/div_Your file is not verified.' located by 'By.xpath: //div[count(. | //*[@class = 'w3-xlarge w3-text-gray w3-padding-16']) = count(//*[@class = 'w3-xlarge w3-text-gray w3-padding-16'])][count(. | //*[text() = 'Your file is not verified.']) = count(//*[text() = 'Your file is not verified.'])][count(. | id("swal2-content")/div[@class="w3-white"]/div[@class="w3-xlarge w3-text-gray w3-padding-16"]) = count(id("swal2-content")/div[@class="w3-white"]/div[@class="w3-xlarge w3-text-gray w3-padding-16"])]' is not present after '5' second(s)

2560-11-09 17:00:35 - [MESSAGE][PASSED] - Web element with id: 'Object Repository/Upload file without Labeling/Uploading/div_Your file is not verified.' located by 'By.xpath: //div[count(. | //*[@class = 'w3-xlarge w3-text-gray w3-padding-16']) = count(//*[@class = 'w3-xlarge w3-text-gray w3-padding-16'])][count(. | //*[text() = 'Your file is not verified.']) = count(//*[text() = 'Your file is not verified.'])][count(. | id("swal2-content")/div[@class="w3-white"]/div[@class="w3-xlarge w3-text-gray w3-padding-16"]) = count(id("swal2-content")/div[@class="w3-white"]/div[@class="w3-xlarge w3-text-gray w3-padding-16"])]' is not present after '5' second(s)

2560-11-09 17:00:35 - [TEST_STEP][PASSED] - uploadFile: File 'C:\test-Copy.xlsx' sent to object: 'Object Repository/Page_Guru TMDA (6)/Page_Guru TMDA (4)/input_upfile'

2560-11-09 17:00:35 - [MESSAGE][PASSED] - File 'C:\test-Copy.xlsx' sent to object: 'Object Repository/Page_Guru TMDA (6)/Page_Guru TMDA (4)/input_upfile'

2560-11-09 17:00:35 - [TEST_STEP][PASSED] - click: Object: 'Object Repository/Page_Guru TMDA (5)/button_Upload' is clicked on

2560-11-09 17:00:35 - [MESSAGE][PASSED] - Object: 'Object Repository/Page_Guru TMDA (5)/button_Upload' is clicked on

2560-11-09 17:00:35 - [TEST_STEP][PASSED] - waitForElementNotPresent: Web element with id: 'Object Repository/Page_Guru TMDA (6)/Page_Guru TMDA (5)/Page_Guru TMDA/div_progress-bar-zone' located by 'By.xpath: //div[count(. | /html[1]/body[1]/my-app[1]/app-multiple-verbatim[1]/div[@class="popup-zone"]/div[@class="progress-bar-zone"]) = count(/html[1]/body[1]/my-app[1]/app-multiple-verbatim[1]/div[@class="popup-zone"]/div[@class="progress-bar-zone"])]' is not present after '5' second(s)

2560-11-09 17:00:37 - [MESSAGE][PASSED] - Web element with id: 'Object Repository/Page_Guru TMDA (6)/Page_Guru TMDA (5)/Page_Guru TMDA/div_progress-bar-zone' located by 'By.xpath: //div[count(. | /html[1]/body[1]/my-app[1]/app-multiple-verbatim[1]/div[@class="popup-zone"]/div[@class="progress-bar-zone"]) = count(/html[1]/body[1]/my-app[1]/app-multiple-verbatim[1]/div[@class="popup-zone"]/div[@class="progress-bar-zone"])]' is not present after '5' second(s)

2560-11-09 17:00:37 - [TEST_STEP][NOT_RUN] - click: NOT_RUN: click

2560-11-09 17:00:37 - [MESSAGE][NOT_RUN] - NOT_RUN: click

2560-11-09 17:00:37 - [TEST_STEP][PASSED] - selectOptionByIndex: All options with index in [1] are selected on object 'Object Repository/Page_Guru TMDA (5)/select_sheet'

2560-11-09 17:00:37 - [MESSAGE][PASSED] - All options with index in [1] are selected on object 'Object Repository/Page_Guru TMDA (5)/select_sheet'

2560-11-09 17:00:37 - [TEST_STEP][PASSED] - waitForElementPresent: Object 'Object Repository/Page_Guru TMDA (6)/Page_Guru TMDA (1)/div_w3-padding-32 w3-center' is present

2560-11-09 17:00:41 - [MESSAGE][PASSED] - Object 'Object Repository/Page_Guru TMDA (6)/Page_Guru TMDA (1)/div_w3-padding-32 w3-center' is present

2560-11-09 17:00:41 - [TEST_STEP][PASSED] - verifyElementPresent: Object 'Object Repository/Upload file without Labeling/Uploading/div_Your file is verified.' is present

2560-11-09 17:00:41 - [MESSAGE][PASSED] - Object 'Object Repository/Upload file without Labeling/Uploading/div_Your file is verified.' is present

2560-11-09 17:00:41 - [TEST_STEP][PASSED] - click: Object: 'Object Repository/Page_Guru TMDA (6)/Page_Guru TMDA (3)/button_' is clicked on

2560-11-09 17:00:41 - [MESSAGE][PASSED] - Object: 'Object Repository/Page_Guru TMDA (6)/Page_Guru TMDA (3)/button_' is clicked on

2560-11-09 17:00:41 - [TEST_STEP][PASSED] - waitForElementNotPresent: Web element with id: 'Object Repository/Page_Guru TMDA (6)/Page_Guru TMDA (1)/div_w3-padding-32 w3-center' located by 'By.xpath: //div[count(. | id("swal2-content")/div[@class="w3-padding-32 w3-center"]) = count(id("swal2-content")/div[@class="w3-padding-32 w3-center"])]' is not present after '5' second(s)

2560-11-09 17:00:42 - [MESSAGE][PASSED] - Web element with id: 'Object Repository/Page_Guru TMDA (6)/Page_Guru TMDA (1)/div_w3-padding-32 w3-center' located by 'By.xpath: //div[count(. | id("swal2-content")/div[@class="w3-padding-32 w3-center"]) = count(id("swal2-content")/div[@class="w3-padding-32 w3-center"])]' is not present after '5' second(s)

2560-11-09 17:00:42 - [TEST_STEP][PASSED] - waitForElementPresent: Object 'Object Repository/Page_Guru TMDA (6)/Page_Guru TMDA (2)/i_fa fa-check w3-text-green' is present

2560-11-09 17:00:42 - [MESSAGE][PASSED] - Object 'Object Repository/Page_Guru TMDA (6)/Page_Guru TMDA (2)/i_fa fa-check w3-text-green' is present

2560-11-09 17:00:42 - [TEST_STEP][PASSED] - click: Object: 'Object Repository/Upload file without Labeling/Uploading//button_Preview' is clicked on

2560-11-09 17:00:42 - [MESSAGE][PASSED] - Object: 'Object Repository/Upload file without Labeling/Uploading//button_Preview' is clicked on

2560-11-09 17:00:42 - [TEST_STEP][PASSED] - verifyElementPresent: Object 'Object Repository/Upload file without Labeling/Uploading//div_excel-reader' is present

2560-11-09 17:00:42 - [MESSAGE][PASSED] - Object 'Object Repository/Upload file without Labeling/Uploading//div_excel-reader' is present

2560-11-09 17:00:42 - [TEST_STEP][PASSED] - click: Object: 'Object Repository/Upload file without Labeling/Uploading/div_close' is clicked on

2560-11-09 17:00:42 - [MESSAGE][PASSED] - Object: 'Object Repository/Upload file without Labeling/Uploading/div_close' is clicked on

2560-11-09 17:00:42 - [TEST_STEP][PASSED] - scrollToElement: Scroll to object 'Object Repository/Page_Guru TMDA (16)/button_Start' successfully

2560-11-09 17:00:42 - [MESSAGE][PASSED] - Scroll to object 'Object Repository/Page_Guru TMDA (16)/button_Start' successfully

2560-11-09 17:00:42 - [TEST_STEP][PASSED] - click: Object: 'Object Repository/Page_Guru TMDA (5)/button_Start' is clicked on

2560-11-09 17:00:42 - [MESSAGE][PASSED] - Object: 'Object Repository/Page_Guru TMDA (5)/button_Start' is clicked on

2560-11-09 17:00:42 - [TEST_STEP][PASSED] - waitForElementNotPresent: Web element with id: 'Object Repository/Page_Guru TMDA (6)/Page_Guru TMDA (5)/Page_Guru TMDA/div_progress-bar-zone' located by 'By.xpath: //div[count(. | /html[1]/body[1]/my-app[1]/app-multiple-verbatim[1]/div[@class="popup-zone"]/div[@class="progress-bar-zone"]) = count(/html[1]/body[1]/my-app[1]/app-multiple-verbatim[1]/div[@class="popup-zone"]/div[@class="progress-bar-zone"])]' is not present after '5' second(s)

2560-11-09 17:00:44 - [MESSAGE][PASSED] - Web element with id: 'Object Repository/Page_Guru TMDA (6)/Page_Guru TMDA (5)/Page_Guru TMDA/div_progress-bar-zone' located by 'By.xpath: //div[count(. | /html[1]/body[1]/my-app[1]/app-multiple-verbatim[1]/div[@class="popup-zone"]/div[@class="progress-bar-zone"]) = count(/html[1]/body[1]/my-app[1]/app-multiple-verbatim[1]/div[@class="popup-zone"]/div[@class="progress-bar-zone"])]' is not present after '5' second(s)

2560-11-09 17:00:44 - [TEST_STEP][PASSED] - waitForElementNotPresent: Web element with id: 'Object Repository/Upload file without Labeling/div_loader' located by 'By.xpath: //div[count(. | //*[@class = 'loader']) = count(//*[@class = 'loader'])][count(. | /html[1]/body[1]/my-app[1]/app-predicted-results[1]/div[@class="container-fluid"]/div[@class="row"]/div[@class="col-sm-6 col-sm-offset-3"]/div[@class="loader"]) = count(/html[1]/body[1]/my-app[1]/app-predicted-results[1]/div[@class="container-fluid"]/div[@class="row"]/div[@class="col-sm-6 col-sm-offset-3"]/div[@class="loader"])]' is not present after '100' second(s)

2560-11-09 17:01:15 - [MESSAGE][PASSED] - Web element with id: 'Object Repository/Upload file without Labeling/div_loader' located by 'By.xpath: //div[count(. | //*[@class = 'loader']) = count(//*[@class = 'loader'])][count(. | /html[1]/body[1]/my-app[1]/app-predicted-results[1]/div[@class="container-fluid"]/div[@class="row"]/div[@class="col-sm-6 col-sm-offset-3"]/div[@class="loader"]) = count(/html[1]/body[1]/my-app[1]/app-predicted-results[1]/div[@class="container-fluid"]/div[@class="row"]/div[@class="col-sm-6 col-sm-offset-3"]/div[@class="loader"])]' is not present after '100' second(s)

2560-11-09 17:01:15 - [TEST_STEP][NOT_RUN] - closeBrowser: NOT_RUN: closeBrowser

2560-11-09 17:01:15 - [MESSAGE][NOT_RUN] - NOT_RUN: closeBrowser]]></system-out>
         <system-err><![CDATA[]]></system-err>
      </testcase>
      <testcase name="Test Cases/3. Menu Text Prediction/Upload File with labelling" classname="Test Cases/3. Menu Text Prediction/Upload File with labelling" status="PASSED">
         <system-out><![CDATA[2560-11-09 17:01:15 - [TEST_CASE][PASSED] - Test Cases/3. Menu Text Prediction/Upload File with labelling: Test Cases/3. Menu Text Prediction/Upload File with labelling

2560-11-09 17:01:15 - [TEST_STEP][NOT_RUN] - openBrowser: NOT_RUN: openBrowser

2560-11-09 17:01:15 - [MESSAGE][NOT_RUN] - NOT_RUN: openBrowser

2560-11-09 17:01:15 - [TEST_STEP][NOT_RUN] - maximizeWindow: NOT_RUN: maximizeWindow

2560-11-09 17:01:15 - [MESSAGE][NOT_RUN] - NOT_RUN: maximizeWindow

2560-11-09 17:01:15 - [TEST_STEP][NOT_RUN] - navigateToUrl: NOT_RUN: navigateToUrl

2560-11-09 17:01:15 - [MESSAGE][NOT_RUN] - NOT_RUN: navigateToUrl

2560-11-09 17:01:15 - [TEST_STEP][NOT_RUN] - click: NOT_RUN: click

2560-11-09 17:01:15 - [MESSAGE][NOT_RUN] - NOT_RUN: click

2560-11-09 17:01:15 - [TEST_STEP][NOT_RUN] - setText: NOT_RUN: setText

2560-11-09 17:01:15 - [MESSAGE][NOT_RUN] - NOT_RUN: setText

2560-11-09 17:01:15 - [TEST_STEP][NOT_RUN] - setText: NOT_RUN: setText

2560-11-09 17:01:15 - [MESSAGE][NOT_RUN] - NOT_RUN: setText

2560-11-09 17:01:15 - [TEST_STEP][NOT_RUN] - click: NOT_RUN: click

2560-11-09 17:01:15 - [MESSAGE][NOT_RUN] - NOT_RUN: click

2560-11-09 17:01:15 - [TEST_STEP][PASSED] - click: Object: 'Object Repository/Page_Guru TMDA (3)/a_Text Prediction' is clicked on

2560-11-09 17:01:15 - [MESSAGE][PASSED] - Object: 'Object Repository/Page_Guru TMDA (3)/a_Text Prediction' is clicked on

2560-11-09 17:01:15 - [TEST_STEP][PASSED] - click: Object: 'Object Repository/Page_Guru TMDA (3)/a_Upload File' is clicked on

2560-11-09 17:01:15 - [MESSAGE][PASSED] - Object: 'Object Repository/Page_Guru TMDA (3)/a_Upload File' is clicked on

2560-11-09 17:01:15 - [TEST_STEP][PASSED] - verifyElementNotClickable: Object 'Object Repository/Page_Guru TMDA (5)/button_Upload' is NOT clickable

2560-11-09 17:01:15 - [MESSAGE][PASSED] - Object 'Object Repository/Page_Guru TMDA (5)/button_Upload' is NOT clickable

2560-11-09 17:01:15 - [TEST_STEP][PASSED] - uploadFile: File 'C:\Penguins.jpg' sent to object: 'Object Repository/Page_Guru TMDA (6)/Page_Guru TMDA (4)/input_upfile'

2560-11-09 17:01:15 - [MESSAGE][PASSED] - File 'C:\Penguins.jpg' sent to object: 'Object Repository/Page_Guru TMDA (6)/Page_Guru TMDA (4)/input_upfile'

2560-11-09 17:01:15 - [TEST_STEP][PASSED] - waitForElementClickable: Object 'Object Repository/Page_Guru TMDA (5)/button_Upload' is clickable

2560-11-09 17:01:15 - [MESSAGE][PASSED] - Object 'Object Repository/Page_Guru TMDA (5)/button_Upload' is clickable

2560-11-09 17:01:15 - [TEST_STEP][PASSED] - click: Object: 'Object Repository/Page_Guru TMDA (5)/button_Upload' is clicked on

2560-11-09 17:01:15 - [MESSAGE][PASSED] - Object: 'Object Repository/Page_Guru TMDA (5)/button_Upload' is clicked on

2560-11-09 17:01:15 - [TEST_STEP][PASSED] - waitForElementNotPresent: Web element with id: 'Object Repository/Page_Guru TMDA (6)/Page_Guru TMDA (5)/Page_Guru TMDA/div_progress-bar-zone' located by 'By.xpath: //div[count(. | /html[1]/body[1]/my-app[1]/app-multiple-verbatim[1]/div[@class="popup-zone"]/div[@class="progress-bar-zone"]) = count(/html[1]/body[1]/my-app[1]/app-multiple-verbatim[1]/div[@class="popup-zone"]/div[@class="progress-bar-zone"])]' is not present after '5' second(s)

2560-11-09 17:01:17 - [MESSAGE][PASSED] - Web element with id: 'Object Repository/Page_Guru TMDA (6)/Page_Guru TMDA (5)/Page_Guru TMDA/div_progress-bar-zone' located by 'By.xpath: //div[count(. | /html[1]/body[1]/my-app[1]/app-multiple-verbatim[1]/div[@class="popup-zone"]/div[@class="progress-bar-zone"]) = count(/html[1]/body[1]/my-app[1]/app-multiple-verbatim[1]/div[@class="popup-zone"]/div[@class="progress-bar-zone"])]' is not present after '5' second(s)

2560-11-09 17:01:17 - [TEST_STEP][PASSED] - verifyElementPresent: Object 'Object Repository/Upload file without Labeling/Uploading/div_File Not Type of Excel' is present

2560-11-09 17:01:17 - [MESSAGE][PASSED] - Object 'Object Repository/Upload file without Labeling/Uploading/div_File Not Type of Excel' is present

2560-11-09 17:01:17 - [TEST_STEP][PASSED] - click: Object: 'Object Repository/Upload file without Labeling/Uploading/button_ close Not type of excel' is clicked on

2560-11-09 17:01:17 - [MESSAGE][PASSED] - Object: 'Object Repository/Upload file without Labeling/Uploading/button_ close Not type of excel' is clicked on

2560-11-09 17:01:17 - [TEST_STEP][PASSED] - waitForElementNotPresent: Web element with id: 'Object Repository/Upload file without Labeling/Uploading//div_File Not Type of Excel' located by 'By.xpath: //div[count(. | //*[@class = 'w3-xlarge w3-text-gray w3-padding-16']) = count(//*[@class = 'w3-xlarge w3-text-gray w3-padding-16'])][count(. | //*[text() = 'File Not Type of Excel!']) = count(//*[text() = 'File Not Type of Excel!'])][count(. | id("swal2-content")/div[@class="w3-white"]/div[@class="w3-xlarge w3-text-gray w3-padding-16"]) = count(id("swal2-content")/div[@class="w3-white"]/div[@class="w3-xlarge w3-text-gray w3-padding-16"])]' is not present after '5' second(s)

2560-11-09 17:01:18 - [MESSAGE][PASSED] - Web element with id: 'Object Repository/Upload file without Labeling/Uploading//div_File Not Type of Excel' located by 'By.xpath: //div[count(. | //*[@class = 'w3-xlarge w3-text-gray w3-padding-16']) = count(//*[@class = 'w3-xlarge w3-text-gray w3-padding-16'])][count(. | //*[text() = 'File Not Type of Excel!']) = count(//*[text() = 'File Not Type of Excel!'])][count(. | id("swal2-content")/div[@class="w3-white"]/div[@class="w3-xlarge w3-text-gray w3-padding-16"]) = count(id("swal2-content")/div[@class="w3-white"]/div[@class="w3-xlarge w3-text-gray w3-padding-16"])]' is not present after '5' second(s)

2560-11-09 17:01:18 - [TEST_STEP][PASSED] - uploadFile: File 'C:\test-Copy1.xlsx' sent to object: 'Object Repository/Page_Guru TMDA (6)/Page_Guru TMDA (4)/input_upfile'

2560-11-09 17:01:18 - [MESSAGE][PASSED] - File 'C:\test-Copy1.xlsx' sent to object: 'Object Repository/Page_Guru TMDA (6)/Page_Guru TMDA (4)/input_upfile'

2560-11-09 17:01:18 - [TEST_STEP][PASSED] - click: Object: 'Object Repository/Page_Guru TMDA (5)/button_Upload' is clicked on

2560-11-09 17:01:18 - [MESSAGE][PASSED] - Object: 'Object Repository/Page_Guru TMDA (5)/button_Upload' is clicked on

2560-11-09 17:01:18 - [TEST_STEP][PASSED] - waitForElementNotPresent: Web element with id: 'Object Repository/Page_Guru TMDA (6)/Page_Guru TMDA (5)/Page_Guru TMDA/div_progress-bar-zone' located by 'By.xpath: //div[count(. | /html[1]/body[1]/my-app[1]/app-multiple-verbatim[1]/div[@class="popup-zone"]/div[@class="progress-bar-zone"]) = count(/html[1]/body[1]/my-app[1]/app-multiple-verbatim[1]/div[@class="popup-zone"]/div[@class="progress-bar-zone"])]' is not present after '5' second(s)

2560-11-09 17:01:19 - [MESSAGE][PASSED] - Web element with id: 'Object Repository/Page_Guru TMDA (6)/Page_Guru TMDA (5)/Page_Guru TMDA/div_progress-bar-zone' located by 'By.xpath: //div[count(. | /html[1]/body[1]/my-app[1]/app-multiple-verbatim[1]/div[@class="popup-zone"]/div[@class="progress-bar-zone"]) = count(/html[1]/body[1]/my-app[1]/app-multiple-verbatim[1]/div[@class="popup-zone"]/div[@class="progress-bar-zone"])]' is not present after '5' second(s)

2560-11-09 17:01:19 - [TEST_STEP][NOT_RUN] - click: NOT_RUN: click

2560-11-09 17:01:19 - [MESSAGE][NOT_RUN] - NOT_RUN: click

2560-11-09 17:01:19 - [TEST_STEP][PASSED] - selectOptionByIndex: All options with index in [1] are selected on object 'Object Repository/Page_Guru TMDA (5)/select_sheet'

2560-11-09 17:01:19 - [MESSAGE][PASSED] - All options with index in [1] are selected on object 'Object Repository/Page_Guru TMDA (5)/select_sheet'

2560-11-09 17:01:19 - [TEST_STEP][PASSED] - waitForElementPresent: Object 'Object Repository/Page_Guru TMDA (6)/Page_Guru TMDA (1)/div_w3-padding-32 w3-center' is present

2560-11-09 17:01:22 - [MESSAGE][PASSED] - Object 'Object Repository/Page_Guru TMDA (6)/Page_Guru TMDA (1)/div_w3-padding-32 w3-center' is present

2560-11-09 17:01:22 - [TEST_STEP][PASSED] - verifyElementPresent: Object 'Object Repository/Upload file without Labeling/Uploading/div_Your file is not verified.' is present

2560-11-09 17:01:22 - [MESSAGE][PASSED] - Object 'Object Repository/Upload file without Labeling/Uploading/div_Your file is not verified.' is present

2560-11-09 17:01:22 - [TEST_STEP][PASSED] - click: Object: 'Object Repository/Upload file without Labeling/Uploading/button_ closeing Your file is not verified' is clicked on

2560-11-09 17:01:22 - [MESSAGE][PASSED] - Object: 'Object Repository/Upload file without Labeling/Uploading/button_ closeing Your file is not verified' is clicked on

2560-11-09 17:01:22 - [TEST_STEP][PASSED] - waitForElementNotPresent: Web element with id: 'Object Repository/Upload file without Labeling/Uploading/div_Your file is not verified.' located by 'By.xpath: //div[count(. | //*[@class = 'w3-xlarge w3-text-gray w3-padding-16']) = count(//*[@class = 'w3-xlarge w3-text-gray w3-padding-16'])][count(. | //*[text() = 'Your file is not verified.']) = count(//*[text() = 'Your file is not verified.'])][count(. | id("swal2-content")/div[@class="w3-white"]/div[@class="w3-xlarge w3-text-gray w3-padding-16"]) = count(id("swal2-content")/div[@class="w3-white"]/div[@class="w3-xlarge w3-text-gray w3-padding-16"])]' is not present after '5' second(s)

2560-11-09 17:01:23 - [MESSAGE][PASSED] - Web element with id: 'Object Repository/Upload file without Labeling/Uploading/div_Your file is not verified.' located by 'By.xpath: //div[count(. | //*[@class = 'w3-xlarge w3-text-gray w3-padding-16']) = count(//*[@class = 'w3-xlarge w3-text-gray w3-padding-16'])][count(. | //*[text() = 'Your file is not verified.']) = count(//*[text() = 'Your file is not verified.'])][count(. | id("swal2-content")/div[@class="w3-white"]/div[@class="w3-xlarge w3-text-gray w3-padding-16"]) = count(id("swal2-content")/div[@class="w3-white"]/div[@class="w3-xlarge w3-text-gray w3-padding-16"])]' is not present after '5' second(s)

2560-11-09 17:01:23 - [TEST_STEP][PASSED] - uploadFile: File 'C:\test1.xlsx' sent to object: 'Object Repository/Page_Guru TMDA (6)/Page_Guru TMDA (4)/input_upfile'

2560-11-09 17:01:23 - [MESSAGE][PASSED] - File 'C:\test1.xlsx' sent to object: 'Object Repository/Page_Guru TMDA (6)/Page_Guru TMDA (4)/input_upfile'

2560-11-09 17:01:23 - [TEST_STEP][PASSED] - click: Object: 'Object Repository/Page_Guru TMDA (5)/button_Upload' is clicked on

2560-11-09 17:01:23 - [MESSAGE][PASSED] - Object: 'Object Repository/Page_Guru TMDA (5)/button_Upload' is clicked on

2560-11-09 17:01:23 - [TEST_STEP][PASSED] - waitForElementNotPresent: Web element with id: 'Object Repository/Page_Guru TMDA (6)/Page_Guru TMDA (5)/Page_Guru TMDA/div_progress-bar-zone' located by 'By.xpath: //div[count(. | /html[1]/body[1]/my-app[1]/app-multiple-verbatim[1]/div[@class="popup-zone"]/div[@class="progress-bar-zone"]) = count(/html[1]/body[1]/my-app[1]/app-multiple-verbatim[1]/div[@class="popup-zone"]/div[@class="progress-bar-zone"])]' is not present after '5' second(s)

2560-11-09 17:01:24 - [MESSAGE][PASSED] - Web element with id: 'Object Repository/Page_Guru TMDA (6)/Page_Guru TMDA (5)/Page_Guru TMDA/div_progress-bar-zone' located by 'By.xpath: //div[count(. | /html[1]/body[1]/my-app[1]/app-multiple-verbatim[1]/div[@class="popup-zone"]/div[@class="progress-bar-zone"]) = count(/html[1]/body[1]/my-app[1]/app-multiple-verbatim[1]/div[@class="popup-zone"]/div[@class="progress-bar-zone"])]' is not present after '5' second(s)

2560-11-09 17:01:24 - [TEST_STEP][NOT_RUN] - click: NOT_RUN: click

2560-11-09 17:01:24 - [MESSAGE][NOT_RUN] - NOT_RUN: click

2560-11-09 17:01:24 - [TEST_STEP][PASSED] - selectOptionByIndex: All options with index in [1] are selected on object 'Object Repository/Page_Guru TMDA (5)/select_sheet'

2560-11-09 17:01:24 - [MESSAGE][PASSED] - All options with index in [1] are selected on object 'Object Repository/Page_Guru TMDA (5)/select_sheet'

2560-11-09 17:01:24 - [TEST_STEP][PASSED] - waitForElementPresent: Object 'Object Repository/Page_Guru TMDA (6)/Page_Guru TMDA (1)/div_w3-padding-32 w3-center' is present

2560-11-09 17:01:27 - [MESSAGE][PASSED] - Object 'Object Repository/Page_Guru TMDA (6)/Page_Guru TMDA (1)/div_w3-padding-32 w3-center' is present

2560-11-09 17:01:27 - [TEST_STEP][PASSED] - verifyElementPresent: Object 'Object Repository/Upload file without Labeling/Uploading/div_Your file is not verified.' is present

2560-11-09 17:01:27 - [MESSAGE][PASSED] - Object 'Object Repository/Upload file without Labeling/Uploading/div_Your file is not verified.' is present

2560-11-09 17:01:27 - [TEST_STEP][PASSED] - click: Object: 'Object Repository/Upload file without Labeling/Uploading/button_ closeing Your file is not verified' is clicked on

2560-11-09 17:01:27 - [MESSAGE][PASSED] - Object: 'Object Repository/Upload file without Labeling/Uploading/button_ closeing Your file is not verified' is clicked on

2560-11-09 17:01:27 - [TEST_STEP][PASSED] - waitForElementNotPresent: Web element with id: 'Object Repository/Upload file without Labeling/Uploading/div_Your file is not verified.' located by 'By.xpath: //div[count(. | //*[@class = 'w3-xlarge w3-text-gray w3-padding-16']) = count(//*[@class = 'w3-xlarge w3-text-gray w3-padding-16'])][count(. | //*[text() = 'Your file is not verified.']) = count(//*[text() = 'Your file is not verified.'])][count(. | id("swal2-content")/div[@class="w3-white"]/div[@class="w3-xlarge w3-text-gray w3-padding-16"]) = count(id("swal2-content")/div[@class="w3-white"]/div[@class="w3-xlarge w3-text-gray w3-padding-16"])]' is not present after '5' second(s)

2560-11-09 17:01:28 - [MESSAGE][PASSED] - Web element with id: 'Object Repository/Upload file without Labeling/Uploading/div_Your file is not verified.' located by 'By.xpath: //div[count(. | //*[@class = 'w3-xlarge w3-text-gray w3-padding-16']) = count(//*[@class = 'w3-xlarge w3-text-gray w3-padding-16'])][count(. | //*[text() = 'Your file is not verified.']) = count(//*[text() = 'Your file is not verified.'])][count(. | id("swal2-content")/div[@class="w3-white"]/div[@class="w3-xlarge w3-text-gray w3-padding-16"]) = count(id("swal2-content")/div[@class="w3-white"]/div[@class="w3-xlarge w3-text-gray w3-padding-16"])]' is not present after '5' second(s)

2560-11-09 17:01:28 - [TEST_STEP][PASSED] - uploadFile: File 'C:\test.xlsx' sent to object: 'Object Repository/Page_Guru TMDA (6)/Page_Guru TMDA (4)/input_upfile'

2560-11-09 17:01:28 - [MESSAGE][PASSED] - File 'C:\test.xlsx' sent to object: 'Object Repository/Page_Guru TMDA (6)/Page_Guru TMDA (4)/input_upfile'

2560-11-09 17:01:28 - [TEST_STEP][PASSED] - click: Object: 'Object Repository/Page_Guru TMDA (5)/button_Upload' is clicked on

2560-11-09 17:01:28 - [MESSAGE][PASSED] - Object: 'Object Repository/Page_Guru TMDA (5)/button_Upload' is clicked on

2560-11-09 17:01:28 - [TEST_STEP][PASSED] - waitForElementNotPresent: Web element with id: 'Object Repository/Page_Guru TMDA (6)/Page_Guru TMDA (5)/Page_Guru TMDA/div_progress-bar-zone' located by 'By.xpath: //div[count(. | /html[1]/body[1]/my-app[1]/app-multiple-verbatim[1]/div[@class="popup-zone"]/div[@class="progress-bar-zone"]) = count(/html[1]/body[1]/my-app[1]/app-multiple-verbatim[1]/div[@class="popup-zone"]/div[@class="progress-bar-zone"])]' is not present after '5' second(s)

2560-11-09 17:01:30 - [MESSAGE][PASSED] - Web element with id: 'Object Repository/Page_Guru TMDA (6)/Page_Guru TMDA (5)/Page_Guru TMDA/div_progress-bar-zone' located by 'By.xpath: //div[count(. | /html[1]/body[1]/my-app[1]/app-multiple-verbatim[1]/div[@class="popup-zone"]/div[@class="progress-bar-zone"]) = count(/html[1]/body[1]/my-app[1]/app-multiple-verbatim[1]/div[@class="popup-zone"]/div[@class="progress-bar-zone"])]' is not present after '5' second(s)

2560-11-09 17:01:30 - [TEST_STEP][NOT_RUN] - click: NOT_RUN: click

2560-11-09 17:01:30 - [MESSAGE][NOT_RUN] - NOT_RUN: click

2560-11-09 17:01:30 - [TEST_STEP][PASSED] - selectOptionByIndex: All options with index in [1] are selected on object 'Object Repository/Page_Guru TMDA (5)/select_sheet'

2560-11-09 17:01:30 - [MESSAGE][PASSED] - All options with index in [1] are selected on object 'Object Repository/Page_Guru TMDA (5)/select_sheet'

2560-11-09 17:01:30 - [TEST_STEP][PASSED] - waitForElementPresent: Object 'Object Repository/Page_Guru TMDA (6)/Page_Guru TMDA (1)/div_w3-padding-32 w3-center' is present

2560-11-09 17:01:35 - [MESSAGE][PASSED] - Object 'Object Repository/Page_Guru TMDA (6)/Page_Guru TMDA (1)/div_w3-padding-32 w3-center' is present

2560-11-09 17:01:35 - [TEST_STEP][PASSED] - verifyElementPresent: Object 'Object Repository/Upload file without Labeling/Uploading/div_Your file is verified.' is present

2560-11-09 17:01:35 - [MESSAGE][PASSED] - Object 'Object Repository/Upload file without Labeling/Uploading/div_Your file is verified.' is present

2560-11-09 17:01:35 - [TEST_STEP][PASSED] - click: Object: 'Object Repository/Page_Guru TMDA (6)/Page_Guru TMDA (3)/button_' is clicked on

2560-11-09 17:01:35 - [MESSAGE][PASSED] - Object: 'Object Repository/Page_Guru TMDA (6)/Page_Guru TMDA (3)/button_' is clicked on

2560-11-09 17:01:35 - [TEST_STEP][PASSED] - waitForElementNotPresent: Web element with id: 'Object Repository/Page_Guru TMDA (6)/Page_Guru TMDA (1)/div_w3-padding-32 w3-center' located by 'By.xpath: //div[count(. | id("swal2-content")/div[@class="w3-padding-32 w3-center"]) = count(id("swal2-content")/div[@class="w3-padding-32 w3-center"])]' is not present after '5' second(s)

2560-11-09 17:01:35 - [MESSAGE][PASSED] - Web element with id: 'Object Repository/Page_Guru TMDA (6)/Page_Guru TMDA (1)/div_w3-padding-32 w3-center' located by 'By.xpath: //div[count(. | id("swal2-content")/div[@class="w3-padding-32 w3-center"]) = count(id("swal2-content")/div[@class="w3-padding-32 w3-center"])]' is not present after '5' second(s)

2560-11-09 17:01:35 - [TEST_STEP][PASSED] - waitForElementPresent: Object 'Object Repository/Page_Guru TMDA (6)/Page_Guru TMDA (2)/i_fa fa-check w3-text-green' is present

2560-11-09 17:01:35 - [MESSAGE][PASSED] - Object 'Object Repository/Page_Guru TMDA (6)/Page_Guru TMDA (2)/i_fa fa-check w3-text-green' is present

2560-11-09 17:01:35 - [TEST_STEP][PASSED] - click: Object: 'Object Repository/Upload file without Labeling/Uploading//button_Preview' is clicked on

2560-11-09 17:01:35 - [MESSAGE][PASSED] - Object: 'Object Repository/Upload file without Labeling/Uploading//button_Preview' is clicked on

2560-11-09 17:01:35 - [TEST_STEP][PASSED] - verifyElementPresent: Object 'Object Repository/Upload file without Labeling/Uploading//div_excel-reader' is present

2560-11-09 17:01:35 - [MESSAGE][PASSED] - Object 'Object Repository/Upload file without Labeling/Uploading//div_excel-reader' is present

2560-11-09 17:01:35 - [TEST_STEP][PASSED] - click: Object: 'Object Repository/Upload file without Labeling/Uploading/div_close' is clicked on

2560-11-09 17:01:36 - [MESSAGE][PASSED] - Object: 'Object Repository/Upload file without Labeling/Uploading/div_close' is clicked on

2560-11-09 17:01:36 - [TEST_STEP][PASSED] - scrollToElement: Scroll to object 'Object Repository/Page_Guru TMDA (16)/button_Start' successfully

2560-11-09 17:01:36 - [MESSAGE][PASSED] - Scroll to object 'Object Repository/Page_Guru TMDA (16)/button_Start' successfully

2560-11-09 17:01:36 - [TEST_STEP][PASSED] - click: Object: 'Object Repository/Page_Guru TMDA (5)/button_Start' is clicked on

2560-11-09 17:01:36 - [MESSAGE][PASSED] - Object: 'Object Repository/Page_Guru TMDA (5)/button_Start' is clicked on

2560-11-09 17:01:36 - [TEST_STEP][PASSED] - waitForElementNotPresent: Web element with id: 'Object Repository/Page_Guru TMDA (6)/Page_Guru TMDA (5)/Page_Guru TMDA/div_progress-bar-zone' located by 'By.xpath: //div[count(. | /html[1]/body[1]/my-app[1]/app-multiple-verbatim[1]/div[@class="popup-zone"]/div[@class="progress-bar-zone"]) = count(/html[1]/body[1]/my-app[1]/app-multiple-verbatim[1]/div[@class="popup-zone"]/div[@class="progress-bar-zone"])]' is not present after '5' second(s)

[...]

2560-11-09 17:05:15 - [TEST_STEP][PASSED] - click: Object: 'Object Repository/Search history log/search history log/Page_Guru TMDA (1)/input_ng-valid ng-dirty ng-tou' is clicked on

2560-11-09 17:05:15 - [MESSAGE][PASSED] - Object: 'Object Repository/Search history log/search history log/Page_Guru TMDA (1)/input_ng-valid ng-dirty ng-tou' is clicked on

2560-11-09 17:05:15 - [TEST_STEP][PASSED] - click: Object: 'Object Repository/Search history log/search history log/Page_Guru TMDA (1)/button_Export' is clicked on

2560-11-09 17:05:15 - [MESSAGE][PASSED] - Object: 'Object Repository/Search history log/search history log/Page_Guru TMDA (1)/button_Export' is clicked on

2560-11-09 17:05:15 - [TEST_STEP][PASSED] - verifyElementPresent: Object 'Object Repository/Search history log/search history log/td_Survey Single' is present

2560-11-09 17:05:15 - [MESSAGE][PASSED] - Object 'Object Repository/Search history log/search history log/td_Survey Single' is present

2560-11-09 17:05:15 - [TEST_STEP][PASSED] - selectOptionByValue: All options with value '2' are selected in object 'Object Repository/Search history log/search history log/Page_Guru TMDA (1)/select_serach_type'  using regular expression

2560-11-09 17:05:16 - [MESSAGE][PASSED] - All options with value '2' are selected in object 'Object Repository/Search history log/search history log/Page_Guru TMDA (1)/select_serach_type'  using regular expression

2560-11-09 17:05:16 - [TEST_STEP][PASSED] - click: Object: 'Object Repository/Search history log/search history log/Page_Guru TMDA (1)/button_Preview' is clicked on

2560-11-09 17:05:16 - [MESSAGE][PASSED] - Object: 'Object Repository/Search history log/search history log/Page_Guru TMDA (1)/button_Preview' is clicked on

2560-11-09 17:05:16 - [TEST_STEP][PASSED] - click: Object: 'Object Repository/Search history log/search history log/Page_Guru TMDA (1)/i_fa fa-times w3-xlarge w3-tex' is clicked on

2560-11-09 17:05:16 - [MESSAGE][PASSED] - Object: 'Object Repository/Search history log/search history log/Page_Guru TMDA (1)/i_fa fa-times w3-xlarge w3-tex' is clicked on

2560-11-09 17:05:17 - [TEST_STEP][PASSED] - click: Object: 'Object Repository/Search history log/search history log/Page_Guru TMDA (1)/input_ng-valid ng-dirty ng-tou' is clicked on

2560-11-09 17:05:17 - [MESSAGE][PASSED] - Object: 'Object Repository/Search history log/search history log/Page_Guru TMDA (1)/input_ng-valid ng-dirty ng-tou' is clicked on

2560-11-09 17:05:17 - [TEST_STEP][PASSED] - click: Object: 'Object Repository/Search history log/search history log/Page_Guru TMDA (1)/button_Export' is clicked on

2560-11-09 17:05:17 - [MESSAGE][PASSED] - Object: 'Object Repository/Search history log/search history log/Page_Guru TMDA (1)/button_Export' is clicked on

2560-11-09 17:05:17 - [TEST_STEP][PASSED] - verifyElementPresent: Object 'Object Repository/Search history log/search history log//td_Survey Multiple' is present

2560-11-09 17:05:17 - [MESSAGE][PASSED] - Object 'Object Repository/Search history log/search history log//td_Survey Multiple' is present

2560-11-09 17:05:18 - [TEST_STEP][PASSED] - selectOptionByIndex: All options with index in [0] are selected on object 'Object Repository/Search history log/search history log/Page_Guru TMDA (1)/select_serach_type'

2560-11-09 17:05:18 - [MESSAGE][PASSED] - All options with index in [0] are selected on object 'Object Repository/Search history log/search history log/Page_Guru TMDA (1)/select_serach_type'

2560-11-09 17:05:18 - [TEST_STEP][PASSED] - mouseOver: Object: 'Object Repository/Search history log/search history log/span_  (1)' is hovered

2560-11-09 17:05:18 - [MESSAGE][PASSED] - Object: 'Object Repository/Search history log/search history log/span_  (1)' is hovered

2560-11-09 17:05:18 - [TEST_STEP][PASSED] - verifyElementPresent: Object 'Object Repository/Search history log/search history log/div_ngxp__container ngxp__008' is present

2560-11-09 17:05:18 - [MESSAGE][PASSED] - Object 'Object Repository/Search history log/search history log/div_ngxp__container ngxp__008' is present

2560-11-09 17:05:19 - [TEST_STEP][PASSED] - click: Object: 'Object Repository/Search history log/search history log/Page_Guru TMDA (1)/button_Preview' is clicked on

2560-11-09 17:05:19 - [MESSAGE][PASSED] - Object: 'Object Repository/Search history log/search history log/Page_Guru TMDA (1)/button_Preview' is clicked on

2560-11-09 17:05:19 - [TEST_STEP][PASSED] - click: Object: 'Object Repository/Search history log/search history log/Page_Guru TMDA (1)/i_fa fa-times w3-xlarge w3-tex' is clicked on

2560-11-09 17:05:19 - [MESSAGE][PASSED] - Object: 'Object Repository/Search history log/search history log/Page_Guru TMDA (1)/i_fa fa-times w3-xlarge w3-tex' is clicked on

2560-11-09 17:05:19 - [TEST_STEP][PASSED] - click: Object: 'Object Repository/Search history log/search history log/Page_Guru TMDA (1)/input_ng-valid ng-dirty ng-tou' is clicked on

2560-11-09 17:05:19 - [MESSAGE][PASSED] - Object: 'Object Repository/Search history log/search history log/Page_Guru TMDA (1)/input_ng-valid ng-dirty ng-tou' is clicked on

2560-11-09 17:05:19 - [TEST_STEP][PASSED] - verifyElementPresent: Object 'Object Repository/Search history log/search history log/td_Survey Single' is present

2560-11-09 17:05:20 - [MESSAGE][PASSED] - Object 'Object Repository/Search history log/search history log/td_Survey Single' is present

2560-11-09 17:05:20 - [TEST_STEP][PASSED] - verifyElementPresent: Object 'Object Repository/Search history log/search history log//td_Survey Multiple' is present

2560-11-09 17:05:20 - [MESSAGE][PASSED] - Object 'Object Repository/Search history log/search history log//td_Survey Multiple' is present

2560-11-09 17:05:20 - [TEST_STEP][PASSED] - selectOptionByValue: All options with value '1' are selected in object 'Object Repository/Search history log/search history log/Page_Guru TMDA (1)/select_serach_type'  using regular expression

2560-11-09 17:05:20 - [MESSAGE][PASSED] - All options with value '1' are selected in object 'Object Repository/Search history log/search history log/Page_Guru TMDA (1)/select_serach_type'  using regular expression

2560-11-09 17:05:21 - [TEST_STEP][PASSED] - mouseOver: Object: 'Object Repository/Search history log/search history log/span_10' is hovered

2560-11-09 17:05:21 - [MESSAGE][PASSED] - Object: 'Object Repository/Search history log/search history log/span_10' is hovered

2560-11-09 17:05:21 - [TEST_STEP][PASSED] - verifyElementPresent: Object 'Object Repository/Search history log/search history log/div_ngxp__container ngxp__008' is present

2560-11-09 17:05:21 - [MESSAGE][PASSED] - Object 'Object Repository/Search history log/search history log/div_ngxp__container ngxp__008' is present

2560-11-09 17:05:21 - [TEST_STEP][PASSED] - mouseOver: Object: 'Object Repository/Search history log/search history log/Page_Guru TMDA (1)/span_' is hovered

2560-11-09 17:05:22 - [MESSAGE][PASSED] - Object: 'Object Repository/Search history log/search history log/Page_Guru TMDA (1)/span_' is hovered

2560-11-09 17:05:22 - [TEST_STEP][PASSED] - verifyElementPresent: Object 'Object Repository/Search history log/search history log/div_ngxp__container ngxp__008' is present

2560-11-09 17:05:22 - [MESSAGE][PASSED] - Object 'Object Repository/Search history log/search history log/div_ngxp__container ngxp__008' is present

2560-11-09 17:05:22 - [TEST_STEP][PASSED] - click: Object: 'Object Repository/Search history log/search history log/Page_Guru TMDA (1)/input_ng-valid ng-dirty ng-tou' is clicked on

2560-11-09 17:05:22 - [MESSAGE][PASSED] - Object: 'Object Repository/Search history log/search history log/Page_Guru TMDA (1)/input_ng-valid ng-dirty ng-tou' is clicked on

2560-11-09 17:05:22 - [TEST_STEP][PASSED] - verifyElementPresent: Object 'Object Repository/Search history log/search history log/td_Survey Single' is present

2560-11-09 17:05:22 - [MESSAGE][PASSED] - Object 'Object Repository/Search history log/search history log/td_Survey Single' is present

2560-11-09 17:05:22 - [TEST_STEP][PASSED] - selectOptionByValue: All options with value '2' are selected in object 'Object Repository/Search history log/search history log/Page_Guru TMDA (1)/select_serach_type'  using regular expression

2560-11-09 17:05:23 - [MESSAGE][PASSED] - All options with value '2' are selected in object 'Object Repository/Search history log/search history log/Page_Guru TMDA (1)/select_serach_type'  using regular expression

2560-11-09 17:05:23 - [TEST_STEP][PASSED] - click: Object: 'Object Repository/Search history log/search history log/Page_Guru TMDA (1)/button_Preview' is clicked on

2560-11-09 17:05:24 - [MESSAGE][PASSED] - Object: 'Object Repository/Search history log/search history log/Page_Guru TMDA (1)/button_Preview' is clicked on

2560-11-09 17:05:24 - [TEST_STEP][PASSED] - click: Object: 'Object Repository/Search history log/search history log/Page_Guru TMDA (1)/i_fa fa-times w3-xlarge w3-tex' is clicked on

2560-11-09 17:05:24 - [MESSAGE][PASSED] - Object: 'Object Repository/Search history log/search history log/Page_Guru TMDA (1)/i_fa fa-times w3-xlarge w3-tex' is clicked on

2560-11-09 17:05:24 - [TEST_STEP][PASSED] - click: Object: 'Object Repository/Search history log/search history log/Page_Guru TMDA (1)/button_Preview' is clicked on

2560-11-09 17:05:24 - [MESSAGE][PASSED] - Object: 'Object Repository/Search history log/search history log/Page_Guru TMDA (1)/button_Preview' is clicked on

2560-11-09 17:05:24 - [TEST_STEP][PASSED] - click: Object: 'Object Repository/Search history log/search history log/Page_Guru TMDA (1)/i_fa fa-times w3-xlarge w3-tex' is clicked on

2560-11-09 17:05:24 - [MESSAGE][PASSED] - Object: 'Object Repository/Search history log/search history log/Page_Guru TMDA (1)/i_fa fa-times w3-xlarge w3-tex' is clicked on

2560-11-09 17:05:24 - [TEST_STEP][PASSED] - click: Object: 'Object Repository/Search history log/search history log/Page_Guru TMDA (1)/input_ng-valid ng-dirty ng-tou' is clicked on

2560-11-09 17:05:24 - [MESSAGE][PASSED] - Object: 'Object Repository/Search history log/search history log/Page_Guru TMDA (1)/input_ng-valid ng-dirty ng-tou' is clicked on

2560-11-09 17:05:24 - [TEST_STEP][PASSED] - verifyElementPresent: Object 'Object Repository/Search history log/search history log//td_Survey Multiple' is present

2560-11-09 17:05:25 - [MESSAGE][PASSED] - Object 'Object Repository/Search history log/search history log//td_Survey Multiple' is present

2560-11-09 17:05:25 - [TEST_STEP][PASSED] - selectOptionByIndex: All options with index in [0] are selected on object 'Object Repository/Search history log/search history log/Page_Guru TMDA (1)/select_serach_type'

2560-11-09 17:05:25 - [MESSAGE][PASSED] - All options with index in [0] are selected on object 'Object Repository/Search history log/search history log/Page_Guru TMDA (1)/select_serach_type'

2560-11-09 17:05:25 - [TEST_STEP][PASSED] - mouseOver: Object: 'Object Repository/Search history log/search history log/Page_Guru TMDA (1)/span_' is hovered

2560-11-09 17:05:26 - [MESSAGE][PASSED] - Object: 'Object Repository/Search history log/search history log/Page_Guru TMDA (1)/span_' is hovered

2560-11-09 17:05:26 - [TEST_STEP][PASSED] - verifyElementPresent: Object 'Object Repository/Search history log/search history log/div_ngxp__container ngxp__008' is present

2560-11-09 17:05:26 - [MESSAGE][PASSED] - Object 'Object Repository/Search history log/search history log/div_ngxp__container ngxp__008' is present

2560-11-09 17:05:26 - [TEST_STEP][PASSED] - click: Object: 'Object Repository/Search history log/search history log/Page_Guru TMDA (1)/button_Preview' is clicked on

2560-11-09 17:05:26 - [MESSAGE][PASSED] - Object: 'Object Repository/Search history log/search history log/Page_Guru TMDA (1)/button_Preview' is clicked on

2560-11-09 17:05:26 - [TEST_STEP][PASSED] - click: Object: 'Object Repository/Search history log/search history log/Page_Guru TMDA (1)/i_fa fa-times w3-xlarge w3-tex' is clicked on

2560-11-09 17:05:27 - [MESSAGE][PASSED] - Object: 'Object Repository/Search history log/search history log/Page_Guru TMDA (1)/i_fa fa-times w3-xlarge w3-tex' is clicked on

2560-11-09 17:05:27 - [TEST_STEP][PASSED] - click: Object: 'Object Repository/Search history log/search history log/Page_Guru TMDA (1)/button_Export' is clicked on

2560-11-09 17:05:27 - [MESSAGE][PASSED] - Object: 'Object Repository/Search history log/search history log/Page_Guru TMDA (1)/button_Export' is clicked on

2560-11-09 17:05:27 - [TEST_STEP][PASSED] - verifyElementPresent: Object 'Object Repository/Search history log/search history log/td_Survey Single' is present

2560-11-09 17:05:27 - [MESSAGE][PASSED] - Object 'Object Repository/Search history log/search history log/td_Survey Single' is present

2560-11-09 17:05:27 - [TEST_STEP][PASSED] - verifyElementPresent: Object 'Object Repository/Search history log/search history log//td_Survey Multiple' is present

2560-11-09 17:05:27 - [MESSAGE][PASSED] - Object 'Object Repository/Search history log/search history log//td_Survey Multiple' is present

2560-11-09 17:05:27 - [TEST_STEP][PASSED] - selectOptionByValue: All options with value '1' are selected in object 'Object Repository/Search history log/search history log/Page_Guru TMDA (1)/select_serach_type'  using regular expression

2560-11-09 17:05:28 - [MESSAGE][PASSED] - All options with value '1' are selected in object 'Object Repository/Search history log/search history log/Page_Guru TMDA (1)/select_serach_type'  using regular expression

2560-11-09 17:05:28 - [TEST_STEP][PASSED] - mouseOver: Object: 'Object Repository/Search history log/search history log/span_12' is hovered

2560-11-09 17:05:28 - [MESSAGE][PASSED] - Object: 'Object Repository/Search history log/search history log/span_12' is hovered

2560-11-09 17:05:28 - [TEST_STEP][PASSED] - verifyElementPresent: Object 'Object Repository/Search history log/search history log/div_ngxp__container ngxp__008' is present

2560-11-09 17:05:28 - [MESSAGE][PASSED] - Object 'Object Repository/Search history log/search history log/div_ngxp__container ngxp__008' is present

2560-11-09 17:05:29 - [TEST_STEP][PASSED] - click: Object: 'Object Repository/Search history log/search history log/Page_Guru TMDA (1)/button_Export' is clicked on

2560-11-09 17:05:29 - [MESSAGE][PASSED] - Object: 'Object Repository/Search history log/search history log/Page_Guru TMDA (1)/button_Export' is clicked on

2560-11-09 17:05:29 - [TEST_STEP][PASSED] - verifyElementPresent: Object 'Object Repository/Search history log/search history log/td_Survey Single' is present

2560-11-09 17:05:29 - [MESSAGE][PASSED] - Object 'Object Repository/Search history log/search history log/td_Survey Single' is present

2560-11-09 17:05:29 - [TEST_STEP][PASSED] - selectOptionByValue: All options with value '2' are selected in object 'Object Repository/Search history log/search history log/Page_Guru TMDA (1)/select_serach_type'  using regular expression

2560-11-09 17:05:29 - [MESSAGE][PASSED] - All options with value '2' are selected in object 'Object Repository/Search history log/search history log/Page_Guru TMDA (1)/select_serach_type'  using regular expression

2560-11-09 17:05:29 - [TEST_STEP][PASSED] - click: Object: 'Object Repository/Search history log/search history log/Page_Guru TMDA (1)/button_Preview' is clicked on

2560-11-09 17:05:30 - [MESSAGE][PASSED] - Object: 'Object Repository/Search history log/search history log/Page_Guru TMDA (1)/button_Preview' is clicked on

2560-11-09 17:05:30 - [TEST_STEP][PASSED] - click: Object: 'Object Repository/Search history log/search history log/Page_Guru TMDA (1)/i_fa fa-times w3-xlarge w3-tex' is clicked on

2560-11-09 17:05:30 - [MESSAGE][PASSED] - Object: 'Object Repository/Search history log/search history log/Page_Guru TMDA (1)/i_fa fa-times w3-xlarge w3-tex' is clicked on

2560-11-09 17:05:30 - [TEST_STEP][PASSED] - click: Object: 'Object Repository/Search history log/search history log/Page_Guru TMDA (1)/button_Export' is clicked on

2560-11-09 17:05:30 - [MESSAGE][PASSED] - Object: 'Object Repository/Search history log/search history log/Page_Guru TMDA (1)/button_Export' is clicked on

2560-11-09 17:05:31 - [TEST_STEP][PASSED] - verifyElementPresent: Object 'Object Repository/Search history log/search history log//td_Survey Multiple' is present

2560-11-09 17:05:31 - [MESSAGE][PASSED] - Object 'Object Repository/Search history log/search history log//td_Survey Multiple' is present

2560-11-09 17:05:31 - [TEST_STEP][PASSED] - selectOptionByIndex: All options with index in [0] are selected on object 'Object Repository/Search history log/search history log/Page_Guru TMDA (1)/select_serach_type'

2560-11-09 17:05:32 - [MESSAGE][PASSED] - All options with index in [0] are selected on object 'Object Repository/Search history log/search history log/Page_Guru TMDA (1)/select_serach_type'

2560-11-09 17:05:32 - [TEST_STEP][PASSED] - click: Object: 'Object Repository/Search history log/search history log/Page_Guru TMDA (1)/span_mydpicon icon-mydpremove' is clicked on

2560-11-09 17:05:32 - [MESSAGE][PASSED] - Object: 'Object Repository/Search history log/search history log/Page_Guru TMDA (1)/span_mydpicon icon-mydpremove' is clicked on

2560-11-09 17:05:32 - [TEST_STEP][PASSED] - verifyElementNotPresent: Web element with id: 'Object Repository/Search history log/search history log//button_Preview' located by 'By.xpath: //button[count(. | //*[@class = 'btn btn-block w3-text-white w3-padding-small']) = count(//*[@class = 'btn btn-block w3-text-white w3-padding-small'])][count(. | //*[text() = 'Preview']) = count(//*[text() = 'Preview'])]' is not present after '5' second(s)

2560-11-09 17:05:32 - [MESSAGE][PASSED] - Web element with id: 'Object Repository/Search history log/search history log//button_Preview' located by 'By.xpath: //button[count(. | //*[@class = 'btn btn-block w3-text-white w3-padding-small']) = count(//*[@class = 'btn btn-block w3-text-white w3-padding-small'])][count(. | //*[text() = 'Preview']) = count(//*[text() = 'Preview'])]' is not present after '5' second(s)

2560-11-09 17:05:32 - [TEST_STEP][NOT_RUN] - selectOptionByIndex: NOT_RUN: selectOptionByIndex

2560-11-09 17:05:32 - [MESSAGE][NOT_RUN] - NOT_RUN: selectOptionByIndex

2560-11-09 17:05:32 - [TEST_STEP][PASSED] - setText: Text '02/11/2017' is set on object 'Object Repository/Search history log/search history log/Page_Guru TMDA (1)/input_selection ng-valid ng-di'

2560-11-09 17:05:33 - [MESSAGE][PASSED] - Text '02/11/2017' is set on object 'Object Repository/Search history log/search history log/Page_Guru TMDA (1)/input_selection ng-valid ng-di'

2560-11-09 17:05:33 - [TEST_STEP][NOT_RUN] - closeBrowser: NOT_RUN: closeBrowser

2560-11-09 17:05:33 - [MESSAGE][NOT_RUN] - NOT_RUN: closeBrowser]]></system-out>
         <system-err><![CDATA[]]></system-err>
      </testcase>
      <system-out><![CDATA[2560-11-09 16:58:37 - [TEST_SUITE][FAILED] - Basic: Test Cases/4. Menu User Management/Change user profile picture FAILED because (of) com.kms.katalon.core.webui.exception.WebElementNotFoundException: Web element with id: 'Object Repository/Change profile pic/div_Edit Profile Successful.' located by 'By.xpath: //div[count(. | //*[contains(.,'Edit Profile Successful.')]) = count(//*[contains(.,'Edit Profile Successful.')])]' not found]]></system-out>
      <system-err><![CDATA[2560-11-09 16:58:37 - [TEST_SUITE][FAILED] - Basic: Test Cases/4. Menu User Management/Change user profile picture FAILED because (of) com.kms.katalon.core.webui.exception.WebElementNotFoundException: Web element with id: 'Object Repository/Change profile pic/div_Edit Profile Successful.' located by 'By.xpath: //div[count(. | //*[contains(.,'Edit Profile Successful.')]) = count(//*[contains(.,'Edit Profile Successful.')])]' not found]]></system-err>
   </testsuite>
</testsuites>
